<?xml version="1.0" encoding="UTF-8"?>
<coverage generated="1550332338912" clover="3.2.0">
  <project timestamp="1550332338912" name="All files">
    <metrics statements="7" coveredstatements="5" conditionals="10" coveredconditionals="0" methods="2" coveredmethods="1" elements="19" coveredelements="6" complexity="0" loc="7" ncloc="7" packages="1" files="1" classes="1"/>
    <file name="SEO.jsx" path="/Users/alyssabutler/Documents/ab/website_EisbachRidersGatsby/src/components/SEO.jsx">
      <metrics statements="7" coveredstatements="5" conditionals="10" coveredconditionals="0" methods="2" coveredmethods="1"/>
      <line num="6" count="1" type="stmt"/>
      <line num="7" count="1" type="stmt"/>
      <line num="19" count="0" type="stmt"/>
      <line num="23" count="0" type="stmt"/>
      <line num="47" count="1" type="stmt"/>
      <line num="53" count="1" type="stmt"/>
      <line num="58" count="1" type="stmt"/>
    </file>
  </project>
</coverage>
