<?xml version="1.0" encoding="UTF-8"?>
<coverage generated="1550408934643" clover="3.2.0">
  <project timestamp="1550408934644" name="All files">
    <metrics statements="245" coveredstatements="142" conditionals="95" coveredconditionals="29" methods="92" coveredmethods="47" elements="432" coveredelements="218" complexity="0" loc="245" ncloc="245" packages="6" files="21" classes="21"/>
    <package name="assets.icons">
      <metrics statements="7" coveredstatements="7" conditionals="0" coveredconditionals="0" methods="7" coveredmethods="7"/>
      <file name="ER.js" path="/Users/alyssabutler/Documents/ab/website_EisbachRidersGatsby/src/assets/icons/ER.js">
        <metrics statements="1" coveredstatements="1" conditionals="0" coveredconditionals="0" methods="1" coveredmethods="1"/>
        <line num="5" count="1" type="stmt"/>
      </file>
      <file name="icons.js" path="/Users/alyssabutler/Documents/ab/website_EisbachRidersGatsby/src/assets/icons/icons.js">
        <metrics statements="6" coveredstatements="6" conditionals="0" coveredconditionals="0" methods="6" coveredmethods="6"/>
        <line num="5" count="2" type="stmt"/>
        <line num="13" count="2" type="stmt"/>
        <line num="43" count="8" type="stmt"/>
        <line num="73" count="4" type="stmt"/>
        <line num="136" count="4" type="stmt"/>
        <line num="151" count="4" type="stmt"/>
      </file>
    </package>
    <package name="assets.theme">
      <metrics statements="2" coveredstatements="2" conditionals="0" coveredconditionals="0" methods="0" coveredmethods="0"/>
      <file name="muiTheme.js" path="/Users/alyssabutler/Documents/ab/website_EisbachRidersGatsby/src/assets/theme/muiTheme.js">
        <metrics statements="2" coveredstatements="2" conditionals="0" coveredconditionals="0" methods="0" coveredmethods="0"/>
        <line num="4" count="16" type="stmt"/>
        <line num="20" count="16" type="stmt"/>
      </file>
    </package>
    <package name="components">
      <metrics statements="214" coveredstatements="114" conditionals="91" coveredconditionals="25" methods="75" coveredmethods="33"/>
      <file name="About.jsx" path="/Users/alyssabutler/Documents/ab/website_EisbachRidersGatsby/src/components/About.jsx">
        <metrics statements="5" coveredstatements="5" conditionals="0" coveredconditionals="0" methods="2" coveredmethods="2"/>
        <line num="9" count="1" type="stmt"/>
        <line num="108" count="1" type="stmt"/>
        <line num="109" count="1" type="stmt"/>
        <line num="110" count="1" type="stmt"/>
        <line num="145" count="1" type="stmt"/>
      </file>
      <file name="Feature.jsx" path="/Users/alyssabutler/Documents/ab/website_EisbachRidersGatsby/src/components/Feature.jsx">
        <metrics statements="8" coveredstatements="6" conditionals="0" coveredconditionals="0" methods="4" coveredmethods="2"/>
        <line num="13" count="1" type="stmt"/>
        <line num="125" count="1" type="stmt"/>
        <line num="126" count="1" type="stmt"/>
        <line num="127" count="1" type="stmt"/>
        <line num="129" count="1" type="stmt"/>
        <line num="206" count="0" type="stmt"/>
        <line num="207" count="0" type="stmt"/>
        <line num="215" count="1" type="stmt"/>
      </file>
      <file name="Footer.jsx" path="/Users/alyssabutler/Documents/ab/website_EisbachRidersGatsby/src/components/Footer.jsx">
        <metrics statements="54" coveredstatements="16" conditionals="34" coveredconditionals="4" methods="13" coveredmethods="2"/>
        <line num="12" count="1" type="stmt"/>
        <line num="142" count="1" type="stmt"/>
        <line num="143" count="1" type="stmt"/>
        <line num="144" count="1" type="stmt"/>
        <line num="145" count="1" type="stmt"/>
        <line num="146" count="1" type="stmt"/>
        <line num="147" count="1" type="stmt"/>
        <line num="148" count="1" type="stmt"/>
        <line num="149" count="1" type="stmt"/>
        <line num="150" count="1" type="stmt"/>
        <line num="151" count="1" type="stmt"/>
        <line num="152" count="1" type="stmt"/>
        <line num="154" count="1" type="stmt"/>
        <line num="155" count="0" type="cond" truecount="0" falsecount="2"/>
        <line num="156" count="0" type="stmt"/>
        <line num="158" count="0" type="cond" truecount="0" falsecount="2"/>
        <line num="159" count="0" type="stmt"/>
        <line num="160" count="0" type="cond" truecount="0" falsecount="2"/>
        <line num="161" count="0" type="stmt"/>
        <line num="162" count="0" type="stmt"/>
        <line num="164" count="0" type="stmt"/>
        <line num="165" count="0" type="stmt"/>
        <line num="168" count="0" type="cond" truecount="0" falsecount="2"/>
        <line num="169" count="0" type="cond" truecount="0" falsecount="2"/>
        <line num="170" count="0" type="stmt"/>
        <line num="172" count="0" type="stmt"/>
        <line num="173" count="0" type="stmt"/>
        <line num="176" count="0" type="cond" truecount="0" falsecount="2"/>
        <line num="177" count="0" type="cond" truecount="0" falsecount="2"/>
        <line num="178" count="0" type="stmt"/>
        <line num="180" count="0" type="stmt"/>
        <line num="181" count="0" type="stmt"/>
        <line num="186" count="1" type="stmt"/>
        <line num="187" count="0" type="cond" truecount="0" falsecount="2"/>
        <line num="188" count="0" type="stmt"/>
        <line num="190" count="0" type="stmt"/>
        <line num="193" count="1" type="stmt"/>
        <line num="194" count="0" type="cond" truecount="0" falsecount="6"/>
        <line num="195" count="0" type="stmt"/>
        <line num="208" count="0" type="cond" truecount="0" falsecount="2"/>
        <line num="209" count="0" type="stmt"/>
        <line num="210" count="0" type="stmt"/>
        <line num="212" count="0" type="stmt"/>
        <line num="213" count="0" type="stmt"/>
        <line num="217" count="0" type="stmt"/>
        <line num="218" count="0" type="stmt"/>
        <line num="221" count="0" type="stmt"/>
        <line num="222" count="0" type="stmt"/>
        <line num="226" count="1" type="stmt"/>
        <line num="235" count="0" type="stmt"/>
        <line num="238" count="0" type="stmt"/>
        <line num="268" count="0" type="stmt"/>
        <line num="284" count="0" type="stmt"/>
        <line num="300" count="0" type="stmt"/>
      </file>
      <file name="Header.jsx" path="/Users/alyssabutler/Documents/ab/website_EisbachRidersGatsby/src/components/Header.jsx">
        <metrics statements="13" coveredstatements="10" conditionals="6" coveredconditionals="2" methods="4" coveredmethods="3"/>
        <line num="13" count="1" type="stmt"/>
        <line num="72" count="1" type="stmt"/>
        <line num="73" count="1" type="stmt"/>
        <line num="74" count="1" type="stmt"/>
        <line num="76" count="1" type="stmt"/>
        <line num="77" count="0" type="cond" truecount="0" falsecount="2"/>
        <line num="78" count="0" type="stmt"/>
        <line num="79" count="0" type="stmt"/>
        <line num="82" count="1" type="stmt"/>
        <line num="84" count="1" type="stmt"/>
        <line num="86" count="1" type="stmt"/>
        <line num="99" count="2" type="stmt"/>
        <line num="117" count="1" type="stmt"/>
      </file>
      <file name="Hero.jsx" path="/Users/alyssabutler/Documents/ab/website_EisbachRidersGatsby/src/components/Hero.jsx">
        <metrics statements="5" coveredstatements="5" conditionals="0" coveredconditionals="0" methods="2" coveredmethods="2"/>
        <line num="9" count="1" type="stmt"/>
        <line num="90" count="1" type="stmt"/>
        <line num="91" count="1" type="stmt"/>
        <line num="92" count="1" type="stmt"/>
        <line num="123" count="1" type="stmt"/>
      </file>
      <file name="Legal.jsx" path="/Users/alyssabutler/Documents/ab/website_EisbachRidersGatsby/src/components/Legal.jsx">
        <metrics statements="4" coveredstatements="4" conditionals="0" coveredconditionals="0" methods="2" coveredmethods="2"/>
        <line num="6" count="1" type="stmt"/>
        <line num="44" count="1" type="stmt"/>
        <line num="45" count="1" type="stmt"/>
        <line num="46" count="1" type="stmt"/>
      </file>
      <file name="MobileHeaderList.jsx" path="/Users/alyssabutler/Documents/ab/website_EisbachRidersGatsby/src/components/MobileHeaderList.jsx">
        <metrics statements="5" coveredstatements="4" conditionals="0" coveredconditionals="0" methods="3" coveredmethods="2"/>
        <line num="12" count="2" type="stmt"/>
        <line num="42" count="1" type="stmt"/>
        <line num="43" count="1" type="stmt"/>
        <line num="57" count="0" type="stmt"/>
        <line num="116" count="2" type="stmt"/>
      </file>
      <file name="NewProduct.jsx" path="/Users/alyssabutler/Documents/ab/website_EisbachRidersGatsby/src/components/NewProduct.jsx">
        <metrics statements="8" coveredstatements="6" conditionals="0" coveredconditionals="0" methods="4" coveredmethods="2"/>
        <line num="12" count="1" type="stmt"/>
        <line num="71" count="1" type="stmt"/>
        <line num="72" count="1" type="stmt"/>
        <line num="73" count="1" type="stmt"/>
        <line num="75" count="1" type="stmt"/>
        <line num="95" count="0" type="stmt"/>
        <line num="96" count="0" type="stmt"/>
        <line num="104" count="1" type="stmt"/>
      </file>
      <file name="Newsletter.jsx" path="/Users/alyssabutler/Documents/ab/website_EisbachRidersGatsby/src/components/Newsletter.jsx">
        <metrics statements="54" coveredstatements="16" conditionals="39" coveredconditionals="7" methods="14" coveredmethods="2"/>
        <line num="18" count="1" type="stmt"/>
        <line num="104" count="1" type="stmt"/>
        <line num="105" count="1" type="stmt"/>
        <line num="106" count="1" type="stmt"/>
        <line num="107" count="1" type="stmt"/>
        <line num="108" count="1" type="stmt"/>
        <line num="109" count="1" type="stmt"/>
        <line num="110" count="1" type="stmt"/>
        <line num="111" count="1" type="stmt"/>
        <line num="112" count="1" type="stmt"/>
        <line num="113" count="1" type="stmt"/>
        <line num="114" count="1" type="stmt"/>
        <line num="116" count="1" type="stmt"/>
        <line num="117" count="0" type="cond" truecount="0" falsecount="5"/>
        <line num="118" count="0" type="stmt"/>
        <line num="122" count="0" type="stmt"/>
        <line num="123" count="0" type="cond" truecount="0" falsecount="2"/>
        <line num="124" count="0" type="stmt"/>
        <line num="125" count="0" type="stmt"/>
        <line num="129" count="0" type="stmt"/>
        <line num="130" count="0" type="stmt"/>
        <line num="131" count="0" type="stmt"/>
        <line num="132" count="0" type="stmt"/>
        <line num="133" count="0" type="stmt"/>
        <line num="136" count="0" type="cond" truecount="0" falsecount="2"/>
        <line num="137" count="0" type="stmt"/>
        <line num="139" count="0" type="cond" truecount="0" falsecount="2"/>
        <line num="140" count="0" type="stmt"/>
        <line num="142" count="0" type="cond" truecount="0" falsecount="2"/>
        <line num="143" count="0" type="stmt"/>
        <line num="147" count="1" type="stmt"/>
        <line num="148" count="0" type="cond" truecount="0" falsecount="2"/>
        <line num="149" count="0" type="stmt"/>
        <line num="151" count="0" type="stmt"/>
        <line num="154" count="1" type="stmt"/>
        <line num="155" count="0" type="cond" truecount="0" falsecount="2"/>
        <line num="156" count="0" type="stmt"/>
        <line num="157" count="0" type="cond" truecount="0" falsecount="2"/>
        <line num="158" count="0" type="stmt"/>
        <line num="160" count="0" type="stmt"/>
        <line num="163" count="0" type="cond" truecount="0" falsecount="2"/>
        <line num="164" count="0" type="cond" truecount="0" falsecount="2"/>
        <line num="165" count="0" type="stmt"/>
        <line num="167" count="0" type="stmt"/>
        <line num="168" count="0" type="stmt"/>
        <line num="173" count="1" type="stmt"/>
        <line num="218" count="0" type="stmt"/>
        <line num="222" count="0" type="stmt"/>
        <line num="229" count="0" type="stmt"/>
        <line num="244" count="0" type="stmt"/>
        <line num="257" count="0" type="stmt"/>
        <line num="271" count="0" type="stmt"/>
        <line num="287" count="0" type="stmt"/>
        <line num="294" count="0" type="stmt"/>
      </file>
      <file name="Privacy.jsx" path="/Users/alyssabutler/Documents/ab/website_EisbachRidersGatsby/src/components/Privacy.jsx">
        <metrics statements="5" coveredstatements="4" conditionals="0" coveredconditionals="0" methods="3" coveredmethods="2"/>
        <line num="9" count="1" type="stmt"/>
        <line num="54" count="1" type="stmt"/>
        <line num="55" count="1" type="stmt"/>
        <line num="56" count="1" type="stmt"/>
        <line num="171" count="0" type="stmt"/>
      </file>
      <file name="ProductDialog.jsx" path="/Users/alyssabutler/Documents/ab/website_EisbachRidersGatsby/src/components/ProductDialog.jsx">
        <metrics statements="16" coveredstatements="12" conditionals="4" coveredconditionals="4" methods="8" coveredmethods="4"/>
        <line num="25" count="6" type="stmt"/>
        <line num="154" count="12" type="stmt"/>
        <line num="155" count="12" type="stmt"/>
        <line num="156" count="12" type="stmt"/>
        <line num="158" count="12" type="stmt"/>
        <line num="159" count="0" type="stmt"/>
        <line num="162" count="12" type="stmt"/>
        <line num="163" count="0" type="stmt"/>
        <line num="166" count="12" type="stmt"/>
        <line num="167" count="0" type="stmt"/>
        <line num="170" count="12" type="stmt"/>
        <line num="172" count="12" type="stmt"/>
        <line num="180" count="0" type="stmt"/>
        <line num="210" count="52" type="stmt"/>
        <line num="275" count="77" type="stmt"/>
        <line num="297" count="6" type="stmt"/>
      </file>
      <file name="Products.jsx" path="/Users/alyssabutler/Documents/ab/website_EisbachRidersGatsby/src/components/Products.jsx">
        <metrics statements="21" coveredstatements="13" conditionals="8" coveredconditionals="8" methods="10" coveredmethods="4"/>
        <line num="16" count="1" type="stmt"/>
        <line num="120" count="1" type="stmt"/>
        <line num="121" count="1" type="stmt"/>
        <line num="122" count="1" type="stmt"/>
        <line num="123" count="1" type="stmt"/>
        <line num="125" count="1" type="stmt"/>
        <line num="126" count="0" type="stmt"/>
        <line num="127" count="0" type="stmt"/>
        <line num="128" count="0" type="stmt"/>
        <line num="131" count="1" type="stmt"/>
        <line num="132" count="0" type="stmt"/>
        <line num="135" count="1" type="stmt"/>
        <line num="136" count="0" type="stmt"/>
        <line num="139" count="1" type="stmt"/>
        <line num="140" count="0" type="stmt"/>
        <line num="143" count="1" type="stmt"/>
        <line num="144" count="0" type="stmt"/>
        <line num="147" count="1" type="stmt"/>
        <line num="155" count="3" type="stmt"/>
        <line num="160" count="0" type="stmt"/>
        <line num="217" count="3" type="stmt"/>
      </file>
      <file name="Snackbar.jsx" path="/Users/alyssabutler/Documents/ab/website_EisbachRidersGatsby/src/components/Snackbar.jsx">
        <metrics statements="6" coveredstatements="6" conditionals="0" coveredconditionals="0" methods="2" coveredmethods="2"/>
        <line num="13" count="2" type="stmt"/>
        <line num="20" count="2" type="stmt"/>
        <line num="47" count="1" type="stmt"/>
        <line num="48" count="1" type="stmt"/>
        <line num="49" count="1" type="stmt"/>
        <line num="75" count="2" type="stmt"/>
      </file>
      <file name="Tracking.jsx" path="/Users/alyssabutler/Documents/ab/website_EisbachRidersGatsby/src/components/Tracking.jsx">
        <metrics statements="10" coveredstatements="7" conditionals="0" coveredconditionals="0" methods="4" coveredmethods="2"/>
        <line num="9" count="1" type="stmt"/>
        <line num="65" count="1" type="stmt"/>
        <line num="66" count="1" type="stmt"/>
        <line num="67" count="1" type="stmt"/>
        <line num="69" count="1" type="stmt"/>
        <line num="70" count="0" type="stmt"/>
        <line num="73" count="1" type="stmt"/>
        <line num="74" count="0" type="stmt"/>
        <line num="75" count="0" type="stmt"/>
        <line num="78" count="1" type="stmt"/>
      </file>
    </package>
    <package name="components.shop">
      <metrics statements="16" coveredstatements="13" conditionals="4" coveredconditionals="4" methods="10" coveredmethods="7"/>
      <file name="Shop.jsx" path="/Users/alyssabutler/Documents/ab/website_EisbachRidersGatsby/src/components/shop/Shop.jsx">
        <metrics statements="7" coveredstatements="7" conditionals="0" coveredconditionals="0" methods="5" coveredmethods="5"/>
        <line num="12" count="1" type="stmt"/>
        <line num="43" count="1" type="stmt"/>
        <line num="44" count="1" type="stmt"/>
        <line num="45" count="1" type="stmt"/>
        <line num="52" count="3" type="stmt"/>
        <line num="60" count="1" type="stmt"/>
        <line num="68" count="1" type="stmt"/>
      </file>
      <file name="ShopItem.jsx" path="/Users/alyssabutler/Documents/ab/website_EisbachRidersGatsby/src/components/shop/ShopItem.jsx">
        <metrics statements="9" coveredstatements="6" conditionals="4" coveredconditionals="4" methods="5" coveredmethods="2"/>
        <line num="11" count="2" type="stmt"/>
        <line num="60" count="6" type="stmt"/>
        <line num="61" count="6" type="stmt"/>
        <line num="62" count="6" type="stmt"/>
        <line num="64" count="6" type="stmt"/>
        <line num="70" count="0" type="stmt"/>
        <line num="111" count="0" type="stmt"/>
        <line num="112" count="0" type="stmt"/>
        <line num="120" count="2" type="stmt"/>
      </file>
    </package>
    <package name="data">
      <metrics statements="5" coveredstatements="5" conditionals="0" coveredconditionals="0" methods="0" coveredmethods="0"/>
      <file name="ProductData.js" path="/Users/alyssabutler/Documents/ab/website_EisbachRidersGatsby/src/data/ProductData.js">
        <metrics statements="5" coveredstatements="5" conditionals="0" coveredconditionals="0" methods="0" coveredmethods="0"/>
        <line num="32" count="4" type="stmt"/>
        <line num="135" count="4" type="stmt"/>
        <line num="172" count="4" type="stmt"/>
        <line num="208" count="4" type="stmt"/>
        <line num="245" count="4" type="stmt"/>
      </file>
    </package>
    <package name="i18n">
      <metrics statements="1" coveredstatements="1" conditionals="0" coveredconditionals="0" methods="0" coveredmethods="0"/>
      <file name="i18n.js" path="/Users/alyssabutler/Documents/ab/website_EisbachRidersGatsby/src/i18n/i18n.js">
        <metrics statements="1" coveredstatements="1" conditionals="0" coveredconditionals="0" methods="0" coveredmethods="0"/>
        <line num="7" count="6" type="stmt"/>
      </file>
    </package>
  </project>
</coverage>
