{
  "/Users/alyssabutler/Documents/ab/website_EisbachRidersGatsby/src/assets/icons/ER.js": {
    "path": "/Users/alyssabutler/Documents/ab/website_EisbachRidersGatsby/src/assets/icons/ER.js",
    "statementMap": {
      "0": {
        "start": { "line": 5, "column": 2 },
        "end": { "line": 44, "column": 3 }
      }
    },
    "fnMap": {
      "0": {
        "name": "ERIcon",
        "decl": {
          "start": { "line": 4, "column": 9 },
          "end": { "line": 4, "column": 15 }
        },
        "loc": {
          "start": { "line": 4, "column": 23 },
          "end": { "line": 45, "column": 1 }
        },
        "line": 4
      }
    },
    "branchMap": {},
    "s": { "0": 1 },
    "f": { "0": 1 },
    "b": {},
    "_coverageSchema": "43e27e138ebf9cfc5966b082cf9a028302ed4184",
    "hash": "eccd921221bd2e44d75353bf930c71bf11d4acb9"
  },
  "/Users/alyssabutler/Documents/ab/website_EisbachRidersGatsby/src/assets/icons/icons.js": {
    "path": "/Users/alyssabutler/Documents/ab/website_EisbachRidersGatsby/src/assets/icons/icons.js",
    "statementMap": {
      "0": {
        "start": { "line": 5, "column": 2 },
        "end": { "line": 9, "column": 3 }
      },
      "1": {
        "start": { "line": 13, "column": 2 },
        "end": { "line": 39, "column": 3 }
      },
      "2": {
        "start": { "line": 43, "column": 2 },
        "end": { "line": 69, "column": 3 }
      },
      "3": {
        "start": { "line": 73, "column": 2 },
        "end": { "line": 132, "column": 3 }
      },
      "4": {
        "start": { "line": 136, "column": 2 },
        "end": { "line": 147, "column": 3 }
      },
      "5": {
        "start": { "line": 151, "column": 2 },
        "end": { "line": 170, "column": 3 }
      }
    },
    "fnMap": {
      "0": {
        "name": "InstagramIcon",
        "decl": {
          "start": { "line": 4, "column": 16 },
          "end": { "line": 4, "column": 29 }
        },
        "loc": {
          "start": { "line": 4, "column": 37 },
          "end": { "line": 10, "column": 1 }
        },
        "line": 4
      },
      "1": {
        "name": "FacebookIcon",
        "decl": {
          "start": { "line": 12, "column": 16 },
          "end": { "line": 12, "column": 28 }
        },
        "loc": {
          "start": { "line": 12, "column": 36 },
          "end": { "line": 40, "column": 1 }
        },
        "line": 12
      },
      "2": {
        "name": "EbayIcon",
        "decl": {
          "start": { "line": 42, "column": 16 },
          "end": { "line": 42, "column": 24 }
        },
        "loc": {
          "start": { "line": 42, "column": 32 },
          "end": { "line": 70, "column": 1 }
        },
        "line": 42
      },
      "3": {
        "name": "AmazonIcon",
        "decl": {
          "start": { "line": 72, "column": 16 },
          "end": { "line": 72, "column": 26 }
        },
        "loc": {
          "start": { "line": 72, "column": 34 },
          "end": { "line": 133, "column": 1 }
        },
        "line": 72
      },
      "4": {
        "name": "SurfIcon",
        "decl": {
          "start": { "line": 135, "column": 16 },
          "end": { "line": 135, "column": 24 }
        },
        "loc": {
          "start": { "line": 135, "column": 32 },
          "end": { "line": 148, "column": 1 }
        },
        "line": 135
      },
      "5": {
        "name": "FeatherIcon",
        "decl": {
          "start": { "line": 150, "column": 16 },
          "end": { "line": 150, "column": 27 }
        },
        "loc": {
          "start": { "line": 150, "column": 35 },
          "end": { "line": 171, "column": 1 }
        },
        "line": 150
      }
    },
    "branchMap": {},
    "s": { "0": 2, "1": 2, "2": 8, "3": 4, "4": 4, "5": 4 },
    "f": { "0": 2, "1": 2, "2": 8, "3": 4, "4": 4, "5": 4 },
    "b": {},
    "_coverageSchema": "43e27e138ebf9cfc5966b082cf9a028302ed4184",
    "hash": "4982d5f18488debc13a092301d4e12dd46a0564d"
  },
  "/Users/alyssabutler/Documents/ab/website_EisbachRidersGatsby/src/assets/theme/muiTheme.js": {
    "path": "/Users/alyssabutler/Documents/ab/website_EisbachRidersGatsby/src/assets/theme/muiTheme.js",
    "statementMap": {
      "0": {
        "start": { "line": 4, "column": 15 },
        "end": { "line": 18, "column": 1 }
      },
      "1": {
        "start": { "line": 20, "column": 14 },
        "end": { "line": 63, "column": 2 }
      }
    },
    "fnMap": {},
    "branchMap": {},
    "s": { "0": 16, "1": 16 },
    "f": {},
    "b": {},
    "_coverageSchema": "43e27e138ebf9cfc5966b082cf9a028302ed4184",
    "hash": "0f49c97adaa02ba3305efecd47e727e96fb99a90"
  },
  "/Users/alyssabutler/Documents/ab/website_EisbachRidersGatsby/src/components/About.jsx": {
    "path": "/Users/alyssabutler/Documents/ab/website_EisbachRidersGatsby/src/components/About.jsx",
    "statementMap": {
      "0": {
        "start": { "line": 9, "column": 18 },
        "end": { "line": 105, "column": 3 }
      },
      "1": {
        "start": { "line": 9, "column": 39 },
        "end": { "line": 105, "column": 1 }
      },
      "2": {
        "start": { "line": 108, "column": 18 },
        "end": { "line": 108, "column": 29 }
      },
      "3": {
        "start": { "line": 109, "column": 16 },
        "end": { "line": 109, "column": 32 }
      },
      "4": {
        "start": { "line": 110, "column": 2 },
        "end": { "line": 142, "column": 3 }
      },
      "5": {
        "start": { "line": 145, "column": 0 },
        "end": { "line": 148, "column": 1 }
      }
    },
    "fnMap": {
      "0": {
        "name": "(anonymous_0)",
        "decl": {
          "start": { "line": 9, "column": 29 },
          "end": { "line": 9, "column": 30 }
        },
        "loc": {
          "start": { "line": 9, "column": 39 },
          "end": { "line": 105, "column": 1 }
        },
        "line": 9
      },
      "1": {
        "name": "About",
        "decl": {
          "start": { "line": 107, "column": 9 },
          "end": { "line": 107, "column": 14 }
        },
        "loc": {
          "start": { "line": 107, "column": 33 },
          "end": { "line": 143, "column": 1 }
        },
        "line": 107
      }
    },
    "branchMap": {},
    "s": { "0": 1, "1": 1, "2": 1, "3": 1, "4": 1, "5": 1 },
    "f": { "0": 1, "1": 1 },
    "b": {},
    "_coverageSchema": "43e27e138ebf9cfc5966b082cf9a028302ed4184",
    "hash": "6d8c1292c020a38a7077204fd53987b961dad5ed"
  },
  "/Users/alyssabutler/Documents/ab/website_EisbachRidersGatsby/src/components/Feature.jsx": {
    "path": "/Users/alyssabutler/Documents/ab/website_EisbachRidersGatsby/src/components/Feature.jsx",
    "statementMap": {
      "0": {
        "start": { "line": 13, "column": 18 },
        "end": { "line": 122, "column": 3 }
      },
      "1": {
        "start": { "line": 13, "column": 39 },
        "end": { "line": 122, "column": 1 }
      },
      "2": {
        "start": { "line": 125, "column": 18 },
        "end": { "line": 125, "column": 29 }
      },
      "3": {
        "start": { "line": 126, "column": 16 },
        "end": { "line": 126, "column": 32 }
      },
      "4": {
        "start": { "line": 127, "column": 36 },
        "end": { "line": 127, "column": 51 }
      },
      "5": {
        "start": { "line": 129, "column": 2 },
        "end": { "line": 212, "column": 3 }
      },
      "6": {
        "start": { "line": 206, "column": 34 },
        "end": { "line": 206, "column": 49 }
      },
      "7": {
        "start": { "line": 207, "column": 35 },
        "end": { "line": 207, "column": 51 }
      },
      "8": {
        "start": { "line": 215, "column": 0 },
        "end": { "line": 217, "column": 1 }
      }
    },
    "fnMap": {
      "0": {
        "name": "(anonymous_0)",
        "decl": {
          "start": { "line": 13, "column": 29 },
          "end": { "line": 13, "column": 30 }
        },
        "loc": {
          "start": { "line": 13, "column": 39 },
          "end": { "line": 122, "column": 1 }
        },
        "line": 13
      },
      "1": {
        "name": "Feature",
        "decl": {
          "start": { "line": 124, "column": 9 },
          "end": { "line": 124, "column": 16 }
        },
        "loc": {
          "start": { "line": 124, "column": 26 },
          "end": { "line": 213, "column": 1 }
        },
        "line": 124
      },
      "2": {
        "name": "(anonymous_2)",
        "decl": {
          "start": { "line": 206, "column": 28 },
          "end": { "line": 206, "column": 29 }
        },
        "loc": {
          "start": { "line": 206, "column": 34 },
          "end": { "line": 206, "column": 49 }
        },
        "line": 206
      },
      "3": {
        "name": "(anonymous_3)",
        "decl": {
          "start": { "line": 207, "column": 29 },
          "end": { "line": 207, "column": 30 }
        },
        "loc": {
          "start": { "line": 207, "column": 35 },
          "end": { "line": 207, "column": 51 }
        },
        "line": 207
      }
    },
    "branchMap": {},
    "s": {
      "0": 1,
      "1": 1,
      "2": 1,
      "3": 1,
      "4": 1,
      "5": 1,
      "6": 0,
      "7": 0,
      "8": 1
    },
    "f": { "0": 1, "1": 1, "2": 0, "3": 0 },
    "b": {},
    "_coverageSchema": "43e27e138ebf9cfc5966b082cf9a028302ed4184",
    "hash": "4c580abf4cda6f43d4f1dec5a5e768e80b3ca8d7"
  },
  "/Users/alyssabutler/Documents/ab/website_EisbachRidersGatsby/src/components/Footer.jsx": {
    "path": "/Users/alyssabutler/Documents/ab/website_EisbachRidersGatsby/src/components/Footer.jsx",
    "statementMap": {
      "0": {
        "start": { "line": 12, "column": 18 },
        "end": { "line": 139, "column": 3 }
      },
      "1": {
        "start": { "line": 12, "column": 39 },
        "end": { "line": 139, "column": 1 }
      },
      "2": {
        "start": { "line": 142, "column": 18 },
        "end": { "line": 142, "column": 29 }
      },
      "3": {
        "start": { "line": 143, "column": 16 },
        "end": { "line": 143, "column": 32 }
      },
      "4": {
        "start": { "line": 144, "column": 28 },
        "end": { "line": 144, "column": 40 }
      },
      "5": {
        "start": { "line": 145, "column": 26 },
        "end": { "line": 145, "column": 38 }
      },
      "6": {
        "start": { "line": 146, "column": 32 },
        "end": { "line": 146, "column": 44 }
      },
      "7": {
        "start": { "line": 147, "column": 40 },
        "end": { "line": 147, "column": 54 }
      },
      "8": {
        "start": { "line": 148, "column": 38 },
        "end": { "line": 148, "column": 52 }
      },
      "9": {
        "start": { "line": 149, "column": 44 },
        "end": { "line": 149, "column": 58 }
      },
      "10": {
        "start": { "line": 150, "column": 34 },
        "end": { "line": 150, "column": 49 }
      },
      "11": {
        "start": { "line": 151, "column": 40 },
        "end": { "line": 151, "column": 55 }
      },
      "12": {
        "start": { "line": 152, "column": 42 },
        "end": { "line": 152, "column": 61 }
      },
      "13": {
        "start": { "line": 154, "column": 23 },
        "end": { "line": 184, "column": 3 }
      },
      "14": {
        "start": { "line": 154, "column": 31 },
        "end": { "line": 184, "column": 3 }
      },
      "15": {
        "start": { "line": 155, "column": 4 },
        "end": { "line": 157, "column": 5 }
      },
      "16": {
        "start": { "line": 156, "column": 6 },
        "end": { "line": 156, "column": 22 }
      },
      "17": {
        "start": { "line": 158, "column": 4 },
        "end": { "line": 167, "column": 5 }
      },
      "18": {
        "start": { "line": 159, "column": 22 },
        "end": { "line": 159, "column": 157 }
      },
      "19": {
        "start": { "line": 160, "column": 6 },
        "end": { "line": 166, "column": 7 }
      },
      "20": {
        "start": { "line": 161, "column": 8 },
        "end": { "line": 161, "column": 28 }
      },
      "21": {
        "start": { "line": 162, "column": 8 },
        "end": { "line": 162, "column": 36 }
      },
      "22": {
        "start": { "line": 164, "column": 8 },
        "end": { "line": 164, "column": 27 }
      },
      "23": {
        "start": { "line": 165, "column": 8 },
        "end": { "line": 165, "column": 36 }
      },
      "24": {
        "start": { "line": 168, "column": 4 },
        "end": { "line": 175, "column": 5 }
      },
      "25": {
        "start": { "line": 169, "column": 6 },
        "end": { "line": 174, "column": 7 }
      },
      "26": {
        "start": { "line": 170, "column": 8 },
        "end": { "line": 170, "column": 27 }
      },
      "27": {
        "start": { "line": 172, "column": 8 },
        "end": { "line": 172, "column": 26 }
      },
      "28": {
        "start": { "line": 173, "column": 8 },
        "end": { "line": 173, "column": 35 }
      },
      "29": {
        "start": { "line": 176, "column": 4 },
        "end": { "line": 183, "column": 5 }
      },
      "30": {
        "start": { "line": 177, "column": 6 },
        "end": { "line": 182, "column": 7 }
      },
      "31": {
        "start": { "line": 178, "column": 8 },
        "end": { "line": 178, "column": 30 }
      },
      "32": {
        "start": { "line": 180, "column": 8 },
        "end": { "line": 180, "column": 29 }
      },
      "33": {
        "start": { "line": 181, "column": 8 },
        "end": { "line": 181, "column": 38 }
      },
      "34": {
        "start": { "line": 186, "column": 22 },
        "end": { "line": 191, "column": 3 }
      },
      "35": {
        "start": { "line": 187, "column": 4 },
        "end": { "line": 189, "column": 5 }
      },
      "36": {
        "start": { "line": 188, "column": 6 },
        "end": { "line": 188, "column": 12 }
      },
      "37": {
        "start": { "line": 190, "column": 4 },
        "end": { "line": 190, "column": 22 }
      },
      "38": {
        "start": { "line": 193, "column": 23 },
        "end": { "line": 224, "column": 3 }
      },
      "39": {
        "start": { "line": 194, "column": 4 },
        "end": { "line": 223, "column": 5 }
      },
      "40": {
        "start": { "line": 195, "column": 6 },
        "end": { "line": 219, "column": 10 }
      },
      "41": {
        "start": { "line": 208, "column": 10 },
        "end": { "line": 214, "column": 11 }
      },
      "42": {
        "start": { "line": 209, "column": 12 },
        "end": { "line": 209, "column": 29 }
      },
      "43": {
        "start": { "line": 210, "column": 12 },
        "end": { "line": 210, "column": 38 }
      },
      "44": {
        "start": { "line": 212, "column": 12 },
        "end": { "line": 212, "column": 29 }
      },
      "45": {
        "start": { "line": 213, "column": 12 },
        "end": { "line": 213, "column": 36 }
      },
      "46": {
        "start": { "line": 217, "column": 10 },
        "end": { "line": 217, "column": 27 }
      },
      "47": {
        "start": { "line": 218, "column": 10 },
        "end": { "line": 218, "column": 34 }
      },
      "48": {
        "start": { "line": 221, "column": 6 },
        "end": { "line": 221, "column": 23 }
      },
      "49": {
        "start": { "line": 222, "column": 6 },
        "end": { "line": 222, "column": 32 }
      },
      "50": {
        "start": { "line": 226, "column": 2 },
        "end": { "line": 373, "column": 3 }
      },
      "51": {
        "start": { "line": 235, "column": 23 },
        "end": { "line": 235, "column": 41 }
      },
      "52": {
        "start": { "line": 238, "column": 25 },
        "end": { "line": 238, "column": 43 }
      },
      "53": {
        "start": { "line": 268, "column": 32 },
        "end": { "line": 268, "column": 52 }
      },
      "54": {
        "start": { "line": 284, "column": 32 },
        "end": { "line": 284, "column": 53 }
      },
      "55": {
        "start": { "line": 300, "column": 30 },
        "end": { "line": 300, "column": 53 }
      }
    },
    "fnMap": {
      "0": {
        "name": "(anonymous_0)",
        "decl": {
          "start": { "line": 12, "column": 29 },
          "end": { "line": 12, "column": 30 }
        },
        "loc": {
          "start": { "line": 12, "column": 39 },
          "end": { "line": 139, "column": 1 }
        },
        "line": 12
      },
      "1": {
        "name": "Footer",
        "decl": {
          "start": { "line": 141, "column": 9 },
          "end": { "line": 141, "column": 15 }
        },
        "loc": {
          "start": { "line": 141, "column": 18 },
          "end": { "line": 374, "column": 1 }
        },
        "line": 141
      },
      "2": {
        "name": "(anonymous_2)",
        "decl": {
          "start": { "line": 154, "column": 23 },
          "end": { "line": 154, "column": 24 }
        },
        "loc": {
          "start": { "line": 154, "column": 31 },
          "end": { "line": 184, "column": 3 }
        },
        "line": 154
      },
      "3": {
        "name": "(anonymous_3)",
        "decl": {
          "start": { "line": 154, "column": 31 },
          "end": { "line": 154, "column": 32 }
        },
        "loc": {
          "start": { "line": 154, "column": 40 },
          "end": { "line": 184, "column": 3 }
        },
        "line": 154
      },
      "4": {
        "name": "(anonymous_4)",
        "decl": {
          "start": { "line": 186, "column": 22 },
          "end": { "line": 186, "column": 23 }
        },
        "loc": {
          "start": { "line": 186, "column": 41 },
          "end": { "line": 191, "column": 3 }
        },
        "line": 186
      },
      "5": {
        "name": "(anonymous_5)",
        "decl": {
          "start": { "line": 193, "column": 23 },
          "end": { "line": 193, "column": 24 }
        },
        "loc": {
          "start": { "line": 193, "column": 29 },
          "end": { "line": 224, "column": 3 }
        },
        "line": 193
      },
      "6": {
        "name": "(anonymous_6)",
        "decl": {
          "start": { "line": 207, "column": 14 },
          "end": { "line": 207, "column": 15 }
        },
        "loc": {
          "start": { "line": 207, "column": 26 },
          "end": { "line": 215, "column": 9 }
        },
        "line": 207
      },
      "7": {
        "name": "(anonymous_7)",
        "decl": {
          "start": { "line": 216, "column": 15 },
          "end": { "line": 216, "column": 16 }
        },
        "loc": {
          "start": { "line": 216, "column": 22 },
          "end": { "line": 219, "column": 9 }
        },
        "line": 216
      },
      "8": {
        "name": "(anonymous_8)",
        "decl": {
          "start": { "line": 235, "column": 17 },
          "end": { "line": 235, "column": 18 }
        },
        "loc": {
          "start": { "line": 235, "column": 23 },
          "end": { "line": 235, "column": 41 }
        },
        "line": 235
      },
      "9": {
        "name": "(anonymous_9)",
        "decl": {
          "start": { "line": 238, "column": 19 },
          "end": { "line": 238, "column": 20 }
        },
        "loc": {
          "start": { "line": 238, "column": 25 },
          "end": { "line": 238, "column": 43 }
        },
        "line": 238
      },
      "10": {
        "name": "(anonymous_10)",
        "decl": {
          "start": { "line": 268, "column": 26 },
          "end": { "line": 268, "column": 27 }
        },
        "loc": {
          "start": { "line": 268, "column": 32 },
          "end": { "line": 268, "column": 52 }
        },
        "line": 268
      },
      "11": {
        "name": "(anonymous_11)",
        "decl": {
          "start": { "line": 284, "column": 26 },
          "end": { "line": 284, "column": 27 }
        },
        "loc": {
          "start": { "line": 284, "column": 32 },
          "end": { "line": 284, "column": 53 }
        },
        "line": 284
      },
      "12": {
        "name": "(anonymous_12)",
        "decl": {
          "start": { "line": 300, "column": 24 },
          "end": { "line": 300, "column": 25 }
        },
        "loc": {
          "start": { "line": 300, "column": 30 },
          "end": { "line": 300, "column": 53 }
        },
        "line": 300
      }
    },
    "branchMap": {
      "0": {
        "loc": {
          "start": { "line": 155, "column": 4 },
          "end": { "line": 157, "column": 5 }
        },
        "type": "if",
        "locations": [
          {
            "start": { "line": 155, "column": 4 },
            "end": { "line": 157, "column": 5 }
          },
          {
            "start": { "line": 155, "column": 4 },
            "end": { "line": 157, "column": 5 }
          }
        ],
        "line": 155
      },
      "1": {
        "loc": {
          "start": { "line": 158, "column": 4 },
          "end": { "line": 167, "column": 5 }
        },
        "type": "if",
        "locations": [
          {
            "start": { "line": 158, "column": 4 },
            "end": { "line": 167, "column": 5 }
          },
          {
            "start": { "line": 158, "column": 4 },
            "end": { "line": 167, "column": 5 }
          }
        ],
        "line": 158
      },
      "2": {
        "loc": {
          "start": { "line": 160, "column": 6 },
          "end": { "line": 166, "column": 7 }
        },
        "type": "if",
        "locations": [
          {
            "start": { "line": 160, "column": 6 },
            "end": { "line": 166, "column": 7 }
          },
          {
            "start": { "line": 160, "column": 6 },
            "end": { "line": 166, "column": 7 }
          }
        ],
        "line": 160
      },
      "3": {
        "loc": {
          "start": { "line": 168, "column": 4 },
          "end": { "line": 175, "column": 5 }
        },
        "type": "if",
        "locations": [
          {
            "start": { "line": 168, "column": 4 },
            "end": { "line": 175, "column": 5 }
          },
          {
            "start": { "line": 168, "column": 4 },
            "end": { "line": 175, "column": 5 }
          }
        ],
        "line": 168
      },
      "4": {
        "loc": {
          "start": { "line": 169, "column": 6 },
          "end": { "line": 174, "column": 7 }
        },
        "type": "if",
        "locations": [
          {
            "start": { "line": 169, "column": 6 },
            "end": { "line": 174, "column": 7 }
          },
          {
            "start": { "line": 169, "column": 6 },
            "end": { "line": 174, "column": 7 }
          }
        ],
        "line": 169
      },
      "5": {
        "loc": {
          "start": { "line": 176, "column": 4 },
          "end": { "line": 183, "column": 5 }
        },
        "type": "if",
        "locations": [
          {
            "start": { "line": 176, "column": 4 },
            "end": { "line": 183, "column": 5 }
          },
          {
            "start": { "line": 176, "column": 4 },
            "end": { "line": 183, "column": 5 }
          }
        ],
        "line": 176
      },
      "6": {
        "loc": {
          "start": { "line": 177, "column": 6 },
          "end": { "line": 182, "column": 7 }
        },
        "type": "if",
        "locations": [
          {
            "start": { "line": 177, "column": 6 },
            "end": { "line": 182, "column": 7 }
          },
          {
            "start": { "line": 177, "column": 6 },
            "end": { "line": 182, "column": 7 }
          }
        ],
        "line": 177
      },
      "7": {
        "loc": {
          "start": { "line": 187, "column": 4 },
          "end": { "line": 189, "column": 5 }
        },
        "type": "if",
        "locations": [
          {
            "start": { "line": 187, "column": 4 },
            "end": { "line": 189, "column": 5 }
          },
          {
            "start": { "line": 187, "column": 4 },
            "end": { "line": 189, "column": 5 }
          }
        ],
        "line": 187
      },
      "8": {
        "loc": {
          "start": { "line": 194, "column": 4 },
          "end": { "line": 223, "column": 5 }
        },
        "type": "if",
        "locations": [
          {
            "start": { "line": 194, "column": 4 },
            "end": { "line": 223, "column": 5 }
          },
          {
            "start": { "line": 194, "column": 4 },
            "end": { "line": 223, "column": 5 }
          }
        ],
        "line": 194
      },
      "9": {
        "loc": {
          "start": { "line": 194, "column": 8 },
          "end": { "line": 194, "column": 66 }
        },
        "type": "binary-expr",
        "locations": [
          {
            "start": { "line": 194, "column": 8 },
            "end": { "line": 194, "column": 20 }
          },
          {
            "start": { "line": 194, "column": 24 },
            "end": { "line": 194, "column": 38 }
          },
          {
            "start": { "line": 194, "column": 42 },
            "end": { "line": 194, "column": 53 }
          },
          {
            "start": { "line": 194, "column": 57 },
            "end": { "line": 194, "column": 66 }
          }
        ],
        "line": 194
      },
      "10": {
        "loc": {
          "start": { "line": 208, "column": 10 },
          "end": { "line": 214, "column": 11 }
        },
        "type": "if",
        "locations": [
          {
            "start": { "line": 208, "column": 10 },
            "end": { "line": 214, "column": 11 }
          },
          {
            "start": { "line": 208, "column": 10 },
            "end": { "line": 214, "column": 11 }
          }
        ],
        "line": 208
      },
      "11": {
        "loc": {
          "start": { "line": 241, "column": 12 },
          "end": { "line": 245, "column": 40 }
        },
        "type": "cond-expr",
        "locations": [
          {
            "start": { "line": 242, "column": 16 },
            "end": { "line": 242, "column": 55 }
          },
          {
            "start": { "line": 243, "column": 16 },
            "end": { "line": 245, "column": 40 }
          }
        ],
        "line": 241
      },
      "12": {
        "loc": {
          "start": { "line": 243, "column": 16 },
          "end": { "line": 245, "column": 40 }
        },
        "type": "cond-expr",
        "locations": [
          {
            "start": { "line": 244, "column": 16 },
            "end": { "line": 244, "column": 69 }
          },
          {
            "start": { "line": 245, "column": 16 },
            "end": { "line": 245, "column": 40 }
          }
        ],
        "line": 243
      },
      "13": {
        "loc": {
          "start": { "line": 262, "column": 29 },
          "end": { "line": 262, "column": 77 }
        },
        "type": "cond-expr",
        "locations": [
          {
            "start": { "line": 262, "column": 43 },
            "end": { "line": 262, "column": 56 }
          },
          {
            "start": { "line": 262, "column": 59 },
            "end": { "line": 262, "column": 77 }
          }
        ],
        "line": 262
      },
      "14": {
        "loc": {
          "start": { "line": 278, "column": 29 },
          "end": { "line": 278, "column": 78 }
        },
        "type": "cond-expr",
        "locations": [
          {
            "start": { "line": 278, "column": 44 },
            "end": { "line": 278, "column": 57 }
          },
          {
            "start": { "line": 278, "column": 60 },
            "end": { "line": 278, "column": 78 }
          }
        ],
        "line": 278
      },
      "15": {
        "loc": {
          "start": { "line": 294, "column": 27 },
          "end": { "line": 294, "column": 78 }
        },
        "type": "cond-expr",
        "locations": [
          {
            "start": { "line": 294, "column": 44 },
            "end": { "line": 294, "column": 57 }
          },
          {
            "start": { "line": 294, "column": 60 },
            "end": { "line": 294, "column": 78 }
          }
        ],
        "line": 294
      }
    },
    "s": {
      "0": 1,
      "1": 1,
      "2": 1,
      "3": 1,
      "4": 1,
      "5": 1,
      "6": 1,
      "7": 1,
      "8": 1,
      "9": 1,
      "10": 1,
      "11": 1,
      "12": 1,
      "13": 1,
      "14": 0,
      "15": 0,
      "16": 0,
      "17": 0,
      "18": 0,
      "19": 0,
      "20": 0,
      "21": 0,
      "22": 0,
      "23": 0,
      "24": 0,
      "25": 0,
      "26": 0,
      "27": 0,
      "28": 0,
      "29": 0,
      "30": 0,
      "31": 0,
      "32": 0,
      "33": 0,
      "34": 1,
      "35": 0,
      "36": 0,
      "37": 0,
      "38": 1,
      "39": 0,
      "40": 0,
      "41": 0,
      "42": 0,
      "43": 0,
      "44": 0,
      "45": 0,
      "46": 0,
      "47": 0,
      "48": 0,
      "49": 0,
      "50": 1,
      "51": 0,
      "52": 0,
      "53": 0,
      "54": 0,
      "55": 0
    },
    "f": {
      "0": 1,
      "1": 1,
      "2": 0,
      "3": 0,
      "4": 0,
      "5": 0,
      "6": 0,
      "7": 0,
      "8": 0,
      "9": 0,
      "10": 0,
      "11": 0,
      "12": 0
    },
    "b": {
      "0": [0, 0],
      "1": [0, 0],
      "2": [0, 0],
      "3": [0, 0],
      "4": [0, 0],
      "5": [0, 0],
      "6": [0, 0],
      "7": [0, 0],
      "8": [0, 0],
      "9": [0, 0, 0, 0],
      "10": [0, 0],
      "11": [1, 0],
      "12": [0, 0],
      "13": [1, 0],
      "14": [1, 0],
      "15": [1, 0]
    },
    "_coverageSchema": "43e27e138ebf9cfc5966b082cf9a028302ed4184",
    "hash": "733f95e97694416b5fa0845b3acf6214569e1a3c"
  },
  "/Users/alyssabutler/Documents/ab/website_EisbachRidersGatsby/src/components/Header.jsx": {
    "path": "/Users/alyssabutler/Documents/ab/website_EisbachRidersGatsby/src/components/Header.jsx",
    "statementMap": {
      "0": {
        "start": { "line": 13, "column": 18 },
        "end": { "line": 69, "column": 3 }
      },
      "1": {
        "start": { "line": 13, "column": 39 },
        "end": { "line": 69, "column": 1 }
      },
      "2": {
        "start": { "line": 72, "column": 18 },
        "end": { "line": 72, "column": 29 }
      },
      "3": {
        "start": { "line": 73, "column": 22 },
        "end": { "line": 73, "column": 38 }
      },
      "4": {
        "start": { "line": 74, "column": 34 },
        "end": { "line": 74, "column": 48 }
      },
      "5": {
        "start": { "line": 76, "column": 31 },
        "end": { "line": 80, "column": 3 }
      },
      "6": {
        "start": { "line": 77, "column": 16 },
        "end": { "line": 77, "column": 47 }
      },
      "7": {
        "start": { "line": 78, "column": 4 },
        "end": { "line": 78, "column": 28 }
      },
      "8": {
        "start": { "line": 79, "column": 4 },
        "end": { "line": 79, "column": 20 }
      },
      "9": {
        "start": { "line": 82, "column": 16 },
        "end": { "line": 82, "column": 37 }
      },
      "10": {
        "start": { "line": 84, "column": 21 },
        "end": { "line": 84, "column": 60 }
      },
      "11": {
        "start": { "line": 86, "column": 2 },
        "end": { "line": 114, "column": 3 }
      },
      "12": {
        "start": { "line": 99, "column": 16 },
        "end": { "line": 101, "column": 23 }
      },
      "13": {
        "start": { "line": 117, "column": 0 },
        "end": { "line": 119, "column": 1 }
      }
    },
    "fnMap": {
      "0": {
        "name": "(anonymous_0)",
        "decl": {
          "start": { "line": 13, "column": 29 },
          "end": { "line": 13, "column": 30 }
        },
        "loc": {
          "start": { "line": 13, "column": 39 },
          "end": { "line": 69, "column": 1 }
        },
        "line": 13
      },
      "1": {
        "name": "Header",
        "decl": {
          "start": { "line": 71, "column": 9 },
          "end": { "line": 71, "column": 15 }
        },
        "loc": {
          "start": { "line": 71, "column": 32 },
          "end": { "line": 115, "column": 1 }
        },
        "line": 71
      },
      "2": {
        "name": "(anonymous_2)",
        "decl": {
          "start": { "line": 76, "column": 31 },
          "end": { "line": 76, "column": 32 }
        },
        "loc": {
          "start": { "line": 76, "column": 37 },
          "end": { "line": 80, "column": 3 }
        },
        "line": 76
      },
      "3": {
        "name": "(anonymous_3)",
        "decl": {
          "start": { "line": 98, "column": 25 },
          "end": { "line": 98, "column": 26 }
        },
        "loc": {
          "start": { "line": 99, "column": 16 },
          "end": { "line": 101, "column": 23 }
        },
        "line": 99
      }
    },
    "branchMap": {
      "0": {
        "loc": {
          "start": { "line": 77, "column": 16 },
          "end": { "line": 77, "column": 47 }
        },
        "type": "cond-expr",
        "locations": [
          {
            "start": { "line": 77, "column": 36 },
            "end": { "line": 77, "column": 40 }
          },
          {
            "start": { "line": 77, "column": 43 },
            "end": { "line": 77, "column": 47 }
          }
        ],
        "line": 77
      },
      "1": {
        "loc": {
          "start": { "line": 90, "column": 19 },
          "end": { "line": 90, "column": 72 }
        },
        "type": "cond-expr",
        "locations": [
          {
            "start": { "line": 90, "column": 32 },
            "end": { "line": 90, "column": 46 }
          },
          {
            "start": { "line": 90, "column": 49 },
            "end": { "line": 90, "column": 72 }
          }
        ],
        "line": 90
      },
      "2": {
        "loc": {
          "start": { "line": 104, "column": 17 },
          "end": { "line": 104, "column": 48 }
        },
        "type": "cond-expr",
        "locations": [
          {
            "start": { "line": 104, "column": 37 },
            "end": { "line": 104, "column": 41 }
          },
          {
            "start": { "line": 104, "column": 44 },
            "end": { "line": 104, "column": 48 }
          }
        ],
        "line": 104
      }
    },
    "s": {
      "0": 1,
      "1": 1,
      "2": 1,
      "3": 1,
      "4": 1,
      "5": 1,
      "6": 0,
      "7": 0,
      "8": 0,
      "9": 1,
      "10": 1,
      "11": 1,
      "12": 2,
      "13": 1
    },
    "f": { "0": 1, "1": 1, "2": 0, "3": 2 },
    "b": { "0": [0, 0], "1": [0, 1], "2": [1, 0] },
    "_coverageSchema": "43e27e138ebf9cfc5966b082cf9a028302ed4184",
    "hash": "f0006006377f7bc13481fd5c177f6a7d1bd8c3b9"
  },
  "/Users/alyssabutler/Documents/ab/website_EisbachRidersGatsby/src/components/Hero.jsx": {
    "path": "/Users/alyssabutler/Documents/ab/website_EisbachRidersGatsby/src/components/Hero.jsx",
    "statementMap": {
      "0": {
        "start": { "line": 9, "column": 18 },
        "end": { "line": 87, "column": 3 }
      },
      "1": {
        "start": { "line": 9, "column": 39 },
        "end": { "line": 87, "column": 1 }
      },
      "2": {
        "start": { "line": 90, "column": 18 },
        "end": { "line": 90, "column": 29 }
      },
      "3": {
        "start": { "line": 91, "column": 16 },
        "end": { "line": 91, "column": 32 }
      },
      "4": {
        "start": { "line": 92, "column": 2 },
        "end": { "line": 120, "column": 3 }
      },
      "5": {
        "start": { "line": 123, "column": 0 },
        "end": { "line": 125, "column": 1 }
      }
    },
    "fnMap": {
      "0": {
        "name": "(anonymous_0)",
        "decl": {
          "start": { "line": 9, "column": 29 },
          "end": { "line": 9, "column": 30 }
        },
        "loc": {
          "start": { "line": 9, "column": 39 },
          "end": { "line": 87, "column": 1 }
        },
        "line": 9
      },
      "1": {
        "name": "Hero",
        "decl": {
          "start": { "line": 89, "column": 9 },
          "end": { "line": 89, "column": 13 }
        },
        "loc": {
          "start": { "line": 89, "column": 23 },
          "end": { "line": 121, "column": 1 }
        },
        "line": 89
      }
    },
    "branchMap": {},
    "s": { "0": 1, "1": 1, "2": 1, "3": 1, "4": 1, "5": 1 },
    "f": { "0": 1, "1": 1 },
    "b": {},
    "_coverageSchema": "43e27e138ebf9cfc5966b082cf9a028302ed4184",
    "hash": "78ab2e886131ba0faf059021c3b5c6284610f46a"
  },
  "/Users/alyssabutler/Documents/ab/website_EisbachRidersGatsby/src/components/Legal.jsx": {
    "path": "/Users/alyssabutler/Documents/ab/website_EisbachRidersGatsby/src/components/Legal.jsx",
    "statementMap": {
      "0": {
        "start": { "line": 6, "column": 18 },
        "end": { "line": 41, "column": 3 }
      },
      "1": {
        "start": { "line": 6, "column": 39 },
        "end": { "line": 41, "column": 1 }
      },
      "2": {
        "start": { "line": 44, "column": 18 },
        "end": { "line": 44, "column": 29 }
      },
      "3": {
        "start": { "line": 45, "column": 16 },
        "end": { "line": 45, "column": 32 }
      },
      "4": {
        "start": { "line": 46, "column": 2 },
        "end": { "line": 301, "column": 3 }
      }
    },
    "fnMap": {
      "0": {
        "name": "(anonymous_0)",
        "decl": {
          "start": { "line": 6, "column": 29 },
          "end": { "line": 6, "column": 30 }
        },
        "loc": {
          "start": { "line": 6, "column": 39 },
          "end": { "line": 41, "column": 1 }
        },
        "line": 6
      },
      "1": {
        "name": "Legal",
        "decl": {
          "start": { "line": 43, "column": 9 },
          "end": { "line": 43, "column": 14 }
        },
        "loc": {
          "start": { "line": 43, "column": 17 },
          "end": { "line": 302, "column": 1 }
        },
        "line": 43
      }
    },
    "branchMap": {},
    "s": { "0": 1, "1": 1, "2": 1, "3": 1, "4": 1 },
    "f": { "0": 1, "1": 1 },
    "b": {},
    "_coverageSchema": "43e27e138ebf9cfc5966b082cf9a028302ed4184",
    "hash": "7e79a4d1f5c9138fb0e5894f47be09eb43f6f135"
  },
  "/Users/alyssabutler/Documents/ab/website_EisbachRidersGatsby/src/components/MobileHeaderList.jsx": {
    "path": "/Users/alyssabutler/Documents/ab/website_EisbachRidersGatsby/src/components/MobileHeaderList.jsx",
    "statementMap": {
      "0": {
        "start": { "line": 12, "column": 18 },
        "end": { "line": 39, "column": 3 }
      },
      "1": {
        "start": { "line": 12, "column": 39 },
        "end": { "line": 39, "column": 1 }
      },
      "2": {
        "start": { "line": 42, "column": 18 },
        "end": { "line": 42, "column": 29 }
      },
      "3": {
        "start": { "line": 43, "column": 2 },
        "end": { "line": 113, "column": 3 }
      },
      "4": {
        "start": { "line": 57, "column": 10 },
        "end": { "line": 72, "column": 17 }
      },
      "5": {
        "start": { "line": 116, "column": 0 },
        "end": { "line": 119, "column": 1 }
      }
    },
    "fnMap": {
      "0": {
        "name": "(anonymous_0)",
        "decl": {
          "start": { "line": 12, "column": 29 },
          "end": { "line": 12, "column": 30 }
        },
        "loc": {
          "start": { "line": 12, "column": 39 },
          "end": { "line": 39, "column": 1 }
        },
        "line": 12
      },
      "1": {
        "name": "MobileHeaderList",
        "decl": {
          "start": { "line": 41, "column": 9 },
          "end": { "line": 41, "column": 25 }
        },
        "loc": {
          "start": { "line": 41, "column": 49 },
          "end": { "line": 114, "column": 1 }
        },
        "line": 41
      },
      "2": {
        "name": "(anonymous_2)",
        "decl": {
          "start": { "line": 56, "column": 19 },
          "end": { "line": 56, "column": 20 }
        },
        "loc": {
          "start": { "line": 57, "column": 10 },
          "end": { "line": 72, "column": 17 }
        },
        "line": 57
      }
    },
    "branchMap": {},
    "s": { "0": 2, "1": 1, "2": 1, "3": 1, "4": 0, "5": 2 },
    "f": { "0": 1, "1": 1, "2": 0 },
    "b": {},
    "_coverageSchema": "43e27e138ebf9cfc5966b082cf9a028302ed4184",
    "hash": "ee02377486f5eae91d76bd93bb12ed66d69458be"
  },
  "/Users/alyssabutler/Documents/ab/website_EisbachRidersGatsby/src/components/NewProduct.jsx": {
    "path": "/Users/alyssabutler/Documents/ab/website_EisbachRidersGatsby/src/components/NewProduct.jsx",
    "statementMap": {
      "0": {
        "start": { "line": 12, "column": 18 },
        "end": { "line": 68, "column": 3 }
      },
      "1": {
        "start": { "line": 12, "column": 39 },
        "end": { "line": 68, "column": 1 }
      },
      "2": {
        "start": { "line": 71, "column": 18 },
        "end": { "line": 71, "column": 29 }
      },
      "3": {
        "start": { "line": 72, "column": 16 },
        "end": { "line": 72, "column": 32 }
      },
      "4": {
        "start": { "line": 73, "column": 36 },
        "end": { "line": 73, "column": 51 }
      },
      "5": {
        "start": { "line": 75, "column": 2 },
        "end": { "line": 101, "column": 3 }
      },
      "6": {
        "start": { "line": 95, "column": 34 },
        "end": { "line": 95, "column": 49 }
      },
      "7": {
        "start": { "line": 96, "column": 35 },
        "end": { "line": 96, "column": 51 }
      },
      "8": {
        "start": { "line": 104, "column": 0 },
        "end": { "line": 107, "column": 1 }
      }
    },
    "fnMap": {
      "0": {
        "name": "(anonymous_0)",
        "decl": {
          "start": { "line": 12, "column": 29 },
          "end": { "line": 12, "column": 30 }
        },
        "loc": {
          "start": { "line": 12, "column": 39 },
          "end": { "line": 68, "column": 1 }
        },
        "line": 12
      },
      "1": {
        "name": "NewProduct",
        "decl": {
          "start": { "line": 70, "column": 9 },
          "end": { "line": 70, "column": 19 }
        },
        "loc": {
          "start": { "line": 70, "column": 40 },
          "end": { "line": 102, "column": 1 }
        },
        "line": 70
      },
      "2": {
        "name": "(anonymous_2)",
        "decl": {
          "start": { "line": 95, "column": 28 },
          "end": { "line": 95, "column": 29 }
        },
        "loc": {
          "start": { "line": 95, "column": 34 },
          "end": { "line": 95, "column": 49 }
        },
        "line": 95
      },
      "3": {
        "name": "(anonymous_3)",
        "decl": {
          "start": { "line": 96, "column": 29 },
          "end": { "line": 96, "column": 30 }
        },
        "loc": {
          "start": { "line": 96, "column": 35 },
          "end": { "line": 96, "column": 51 }
        },
        "line": 96
      }
    },
    "branchMap": {},
    "s": {
      "0": 1,
      "1": 1,
      "2": 1,
      "3": 1,
      "4": 1,
      "5": 1,
      "6": 0,
      "7": 0,
      "8": 1
    },
    "f": { "0": 1, "1": 1, "2": 0, "3": 0 },
    "b": {},
    "_coverageSchema": "43e27e138ebf9cfc5966b082cf9a028302ed4184",
    "hash": "dbae7b91534af43d0b1f3c337f7da765775168a2"
  },
  "/Users/alyssabutler/Documents/ab/website_EisbachRidersGatsby/src/components/Newsletter.jsx": {
    "path": "/Users/alyssabutler/Documents/ab/website_EisbachRidersGatsby/src/components/Newsletter.jsx",
    "statementMap": {
      "0": {
        "start": { "line": 18, "column": 18 },
        "end": { "line": 101, "column": 3 }
      },
      "1": {
        "start": { "line": 18, "column": 39 },
        "end": { "line": 101, "column": 1 }
      },
      "2": {
        "start": { "line": 104, "column": 18 },
        "end": { "line": 104, "column": 29 }
      },
      "3": {
        "start": { "line": 105, "column": 16 },
        "end": { "line": 105, "column": 32 }
      },
      "4": {
        "start": { "line": 106, "column": 28 },
        "end": { "line": 106, "column": 40 }
      },
      "5": {
        "start": { "line": 107, "column": 26 },
        "end": { "line": 107, "column": 38 }
      },
      "6": {
        "start": { "line": 108, "column": 40 },
        "end": { "line": 108, "column": 54 }
      },
      "7": {
        "start": { "line": 109, "column": 38 },
        "end": { "line": 109, "column": 52 }
      },
      "8": {
        "start": { "line": 110, "column": 40 },
        "end": { "line": 110, "column": 55 }
      },
      "9": {
        "start": { "line": 111, "column": 36 },
        "end": { "line": 111, "column": 51 }
      },
      "10": {
        "start": { "line": 112, "column": 40 },
        "end": { "line": 112, "column": 55 }
      },
      "11": {
        "start": { "line": 113, "column": 48 },
        "end": { "line": 113, "column": 63 }
      },
      "12": {
        "start": { "line": 114, "column": 28 },
        "end": { "line": 114, "column": 43 }
      },
      "13": {
        "start": { "line": 116, "column": 23 },
        "end": { "line": 145, "column": 3 }
      },
      "14": {
        "start": { "line": 117, "column": 4 },
        "end": { "line": 135, "column": 5 }
      },
      "15": {
        "start": { "line": 118, "column": 21 },
        "end": { "line": 121, "column": 8 }
      },
      "16": {
        "start": { "line": 122, "column": 6 },
        "end": { "line": 122, "column": 23 }
      },
      "17": {
        "start": { "line": 123, "column": 6 },
        "end": { "line": 134, "column": 7 }
      },
      "18": {
        "start": { "line": 124, "column": 8 },
        "end": { "line": 124, "column": 25 }
      },
      "19": {
        "start": { "line": 125, "column": 8 },
        "end": { "line": 127, "column": 9 }
      },
      "20": {
        "start": { "line": 129, "column": 8 },
        "end": { "line": 129, "column": 25 }
      },
      "21": {
        "start": { "line": 130, "column": 8 },
        "end": { "line": 130, "column": 23 }
      },
      "22": {
        "start": { "line": 131, "column": 8 },
        "end": { "line": 131, "column": 27 }
      },
      "23": {
        "start": { "line": 132, "column": 8 },
        "end": { "line": 132, "column": 26 }
      },
      "24": {
        "start": { "line": 133, "column": 8 },
        "end": { "line": 133, "column": 37 }
      },
      "25": {
        "start": { "line": 136, "column": 4 },
        "end": { "line": 138, "column": 5 }
      },
      "26": {
        "start": { "line": 137, "column": 6 },
        "end": { "line": 137, "column": 20 }
      },
      "27": {
        "start": { "line": 139, "column": 4 },
        "end": { "line": 141, "column": 5 }
      },
      "28": {
        "start": { "line": 140, "column": 6 },
        "end": { "line": 140, "column": 26 }
      },
      "29": {
        "start": { "line": 142, "column": 4 },
        "end": { "line": 144, "column": 5 }
      },
      "30": {
        "start": { "line": 143, "column": 6 },
        "end": { "line": 143, "column": 25 }
      },
      "31": {
        "start": { "line": 147, "column": 30 },
        "end": { "line": 152, "column": 3 }
      },
      "32": {
        "start": { "line": 148, "column": 4 },
        "end": { "line": 150, "column": 5 }
      },
      "33": {
        "start": { "line": 149, "column": 6 },
        "end": { "line": 149, "column": 12 }
      },
      "34": {
        "start": { "line": 151, "column": 4 },
        "end": { "line": 151, "column": 22 }
      },
      "35": {
        "start": { "line": 154, "column": 23 },
        "end": { "line": 171, "column": 3 }
      },
      "36": {
        "start": { "line": 154, "column": 31 },
        "end": { "line": 171, "column": 3 }
      },
      "37": {
        "start": { "line": 155, "column": 4 },
        "end": { "line": 162, "column": 5 }
      },
      "38": {
        "start": { "line": 156, "column": 6 },
        "end": { "line": 156, "column": 34 }
      },
      "39": {
        "start": { "line": 157, "column": 6 },
        "end": { "line": 161, "column": 7 }
      },
      "40": {
        "start": { "line": 158, "column": 8 },
        "end": { "line": 158, "column": 28 }
      },
      "41": {
        "start": { "line": 160, "column": 8 },
        "end": { "line": 160, "column": 27 }
      },
      "42": {
        "start": { "line": 163, "column": 4 },
        "end": { "line": 170, "column": 5 }
      },
      "43": {
        "start": { "line": 164, "column": 6 },
        "end": { "line": 169, "column": 7 }
      },
      "44": {
        "start": { "line": 165, "column": 8 },
        "end": { "line": 165, "column": 27 }
      },
      "45": {
        "start": { "line": 167, "column": 8 },
        "end": { "line": 167, "column": 26 }
      },
      "46": {
        "start": { "line": 168, "column": 8 },
        "end": { "line": 168, "column": 35 }
      },
      "47": {
        "start": { "line": 173, "column": 2 },
        "end": { "line": 305, "column": 3 }
      },
      "48": {
        "start": { "line": 218, "column": 23 },
        "end": { "line": 218, "column": 38 }
      },
      "49": {
        "start": { "line": 222, "column": 49 },
        "end": { "line": 222, "column": 65 }
      },
      "50": {
        "start": { "line": 229, "column": 27 },
        "end": { "line": 229, "column": 43 }
      },
      "51": {
        "start": { "line": 244, "column": 30 },
        "end": { "line": 244, "column": 51 }
      },
      "52": {
        "start": { "line": 257, "column": 30 },
        "end": { "line": 257, "column": 50 }
      },
      "53": {
        "start": { "line": 271, "column": 33 },
        "end": { "line": 271, "column": 47 }
      },
      "54": {
        "start": { "line": 287, "column": 27 },
        "end": { "line": 287, "column": 43 }
      },
      "55": {
        "start": { "line": 294, "column": 27 },
        "end": { "line": 294, "column": 39 }
      }
    },
    "fnMap": {
      "0": {
        "name": "(anonymous_0)",
        "decl": {
          "start": { "line": 18, "column": 29 },
          "end": { "line": 18, "column": 30 }
        },
        "loc": {
          "start": { "line": 18, "column": 39 },
          "end": { "line": 101, "column": 1 }
        },
        "line": 18
      },
      "1": {
        "name": "Newsletter",
        "decl": {
          "start": { "line": 103, "column": 9 },
          "end": { "line": 103, "column": 19 }
        },
        "loc": {
          "start": { "line": 103, "column": 22 },
          "end": { "line": 306, "column": 1 }
        },
        "line": 103
      },
      "2": {
        "name": "(anonymous_2)",
        "decl": {
          "start": { "line": 116, "column": 23 },
          "end": { "line": 116, "column": 24 }
        },
        "loc": {
          "start": { "line": 116, "column": 34 },
          "end": { "line": 145, "column": 3 }
        },
        "line": 116
      },
      "3": {
        "name": "(anonymous_3)",
        "decl": {
          "start": { "line": 147, "column": 30 },
          "end": { "line": 147, "column": 31 }
        },
        "loc": {
          "start": { "line": 147, "column": 49 },
          "end": { "line": 152, "column": 3 }
        },
        "line": 147
      },
      "4": {
        "name": "(anonymous_4)",
        "decl": {
          "start": { "line": 154, "column": 23 },
          "end": { "line": 154, "column": 24 }
        },
        "loc": {
          "start": { "line": 154, "column": 31 },
          "end": { "line": 171, "column": 3 }
        },
        "line": 154
      },
      "5": {
        "name": "(anonymous_5)",
        "decl": {
          "start": { "line": 154, "column": 31 },
          "end": { "line": 154, "column": 32 }
        },
        "loc": {
          "start": { "line": 154, "column": 40 },
          "end": { "line": 171, "column": 3 }
        },
        "line": 154
      },
      "6": {
        "name": "(anonymous_6)",
        "decl": {
          "start": { "line": 218, "column": 17 },
          "end": { "line": 218, "column": 18 }
        },
        "loc": {
          "start": { "line": 218, "column": 23 },
          "end": { "line": 218, "column": 38 }
        },
        "line": 218
      },
      "7": {
        "name": "(anonymous_7)",
        "decl": {
          "start": { "line": 222, "column": 43 },
          "end": { "line": 222, "column": 44 }
        },
        "loc": {
          "start": { "line": 222, "column": 49 },
          "end": { "line": 222, "column": 65 }
        },
        "line": 222
      },
      "8": {
        "name": "(anonymous_8)",
        "decl": {
          "start": { "line": 229, "column": 21 },
          "end": { "line": 229, "column": 22 }
        },
        "loc": {
          "start": { "line": 229, "column": 27 },
          "end": { "line": 229, "column": 43 }
        },
        "line": 229
      },
      "9": {
        "name": "(anonymous_9)",
        "decl": {
          "start": { "line": 244, "column": 24 },
          "end": { "line": 244, "column": 25 }
        },
        "loc": {
          "start": { "line": 244, "column": 30 },
          "end": { "line": 244, "column": 51 }
        },
        "line": 244
      },
      "10": {
        "name": "(anonymous_10)",
        "decl": {
          "start": { "line": 257, "column": 24 },
          "end": { "line": 257, "column": 25 }
        },
        "loc": {
          "start": { "line": 257, "column": 30 },
          "end": { "line": 257, "column": 50 }
        },
        "line": 257
      },
      "11": {
        "name": "(anonymous_11)",
        "decl": {
          "start": { "line": 271, "column": 28 },
          "end": { "line": 271, "column": 29 }
        },
        "loc": {
          "start": { "line": 271, "column": 33 },
          "end": { "line": 271, "column": 47 }
        },
        "line": 271
      },
      "12": {
        "name": "(anonymous_12)",
        "decl": {
          "start": { "line": 287, "column": 21 },
          "end": { "line": 287, "column": 22 }
        },
        "loc": {
          "start": { "line": 287, "column": 27 },
          "end": { "line": 287, "column": 43 }
        },
        "line": 287
      },
      "13": {
        "name": "(anonymous_13)",
        "decl": {
          "start": { "line": 294, "column": 21 },
          "end": { "line": 294, "column": 22 }
        },
        "loc": {
          "start": { "line": 294, "column": 27 },
          "end": { "line": 294, "column": 39 }
        },
        "line": 294
      }
    },
    "branchMap": {
      "0": {
        "loc": {
          "start": { "line": 117, "column": 4 },
          "end": { "line": 135, "column": 5 }
        },
        "type": "if",
        "locations": [
          {
            "start": { "line": 117, "column": 4 },
            "end": { "line": 135, "column": 5 }
          },
          {
            "start": { "line": 117, "column": 4 },
            "end": { "line": 135, "column": 5 }
          }
        ],
        "line": 117
      },
      "1": {
        "loc": {
          "start": { "line": 117, "column": 8 },
          "end": { "line": 117, "column": 53 }
        },
        "type": "binary-expr",
        "locations": [
          {
            "start": { "line": 117, "column": 8 },
            "end": { "line": 117, "column": 22 }
          },
          {
            "start": { "line": 117, "column": 26 },
            "end": { "line": 117, "column": 38 }
          },
          {
            "start": { "line": 117, "column": 42 },
            "end": { "line": 117, "column": 53 }
          }
        ],
        "line": 117
      },
      "2": {
        "loc": {
          "start": { "line": 123, "column": 6 },
          "end": { "line": 134, "column": 7 }
        },
        "type": "if",
        "locations": [
          {
            "start": { "line": 123, "column": 6 },
            "end": { "line": 134, "column": 7 }
          },
          {
            "start": { "line": 123, "column": 6 },
            "end": { "line": 134, "column": 7 }
          }
        ],
        "line": 123
      },
      "3": {
        "loc": {
          "start": { "line": 126, "column": 10 },
          "end": { "line": 126, "column": 76 }
        },
        "type": "cond-expr",
        "locations": [
          {
            "start": { "line": 126, "column": 38 },
            "end": { "line": 126, "column": 63 }
          },
          {
            "start": { "line": 126, "column": 66 },
            "end": { "line": 126, "column": 76 }
          }
        ],
        "line": 126
      },
      "4": {
        "loc": {
          "start": { "line": 136, "column": 4 },
          "end": { "line": 138, "column": 5 }
        },
        "type": "if",
        "locations": [
          {
            "start": { "line": 136, "column": 4 },
            "end": { "line": 138, "column": 5 }
          },
          {
            "start": { "line": 136, "column": 4 },
            "end": { "line": 138, "column": 5 }
          }
        ],
        "line": 136
      },
      "5": {
        "loc": {
          "start": { "line": 139, "column": 4 },
          "end": { "line": 141, "column": 5 }
        },
        "type": "if",
        "locations": [
          {
            "start": { "line": 139, "column": 4 },
            "end": { "line": 141, "column": 5 }
          },
          {
            "start": { "line": 139, "column": 4 },
            "end": { "line": 141, "column": 5 }
          }
        ],
        "line": 139
      },
      "6": {
        "loc": {
          "start": { "line": 142, "column": 4 },
          "end": { "line": 144, "column": 5 }
        },
        "type": "if",
        "locations": [
          {
            "start": { "line": 142, "column": 4 },
            "end": { "line": 144, "column": 5 }
          },
          {
            "start": { "line": 142, "column": 4 },
            "end": { "line": 144, "column": 5 }
          }
        ],
        "line": 142
      },
      "7": {
        "loc": {
          "start": { "line": 148, "column": 4 },
          "end": { "line": 150, "column": 5 }
        },
        "type": "if",
        "locations": [
          {
            "start": { "line": 148, "column": 4 },
            "end": { "line": 150, "column": 5 }
          },
          {
            "start": { "line": 148, "column": 4 },
            "end": { "line": 150, "column": 5 }
          }
        ],
        "line": 148
      },
      "8": {
        "loc": {
          "start": { "line": 155, "column": 4 },
          "end": { "line": 162, "column": 5 }
        },
        "type": "if",
        "locations": [
          {
            "start": { "line": 155, "column": 4 },
            "end": { "line": 162, "column": 5 }
          },
          {
            "start": { "line": 155, "column": 4 },
            "end": { "line": 162, "column": 5 }
          }
        ],
        "line": 155
      },
      "9": {
        "loc": {
          "start": { "line": 157, "column": 6 },
          "end": { "line": 161, "column": 7 }
        },
        "type": "if",
        "locations": [
          {
            "start": { "line": 157, "column": 6 },
            "end": { "line": 161, "column": 7 }
          },
          {
            "start": { "line": 157, "column": 6 },
            "end": { "line": 161, "column": 7 }
          }
        ],
        "line": 157
      },
      "10": {
        "loc": {
          "start": { "line": 163, "column": 4 },
          "end": { "line": 170, "column": 5 }
        },
        "type": "if",
        "locations": [
          {
            "start": { "line": 163, "column": 4 },
            "end": { "line": 170, "column": 5 }
          },
          {
            "start": { "line": 163, "column": 4 },
            "end": { "line": 170, "column": 5 }
          }
        ],
        "line": 163
      },
      "11": {
        "loc": {
          "start": { "line": 164, "column": 6 },
          "end": { "line": 169, "column": 7 }
        },
        "type": "if",
        "locations": [
          {
            "start": { "line": 164, "column": 6 },
            "end": { "line": 169, "column": 7 }
          },
          {
            "start": { "line": 164, "column": 6 },
            "end": { "line": 169, "column": 7 }
          }
        ],
        "line": 164
      },
      "12": {
        "loc": {
          "start": { "line": 186, "column": 12 },
          "end": { "line": 188, "column": 37 }
        },
        "type": "cond-expr",
        "locations": [
          {
            "start": { "line": 187, "column": 16 },
            "end": { "line": 187, "column": 39 }
          },
          {
            "start": { "line": 188, "column": 16 },
            "end": { "line": 188, "column": 37 }
          }
        ],
        "line": 186
      },
      "13": {
        "loc": {
          "start": { "line": 191, "column": 10 },
          "end": { "line": 195, "column": 11 }
        },
        "type": "cond-expr",
        "locations": [
          {
            "start": { "line": 192, "column": 12 },
            "end": { "line": 192, "column": 66 }
          },
          {
            "start": { "line": 194, "column": 12 },
            "end": { "line": 194, "column": 58 }
          }
        ],
        "line": 191
      },
      "14": {
        "loc": {
          "start": { "line": 241, "column": 21 },
          "end": { "line": 241, "column": 65 }
        },
        "type": "cond-expr",
        "locations": [
          {
            "start": { "line": 241, "column": 45 },
            "end": { "line": 241, "column": 49 }
          },
          {
            "start": { "line": 241, "column": 52 },
            "end": { "line": 241, "column": 65 }
          }
        ],
        "line": 241
      },
      "15": {
        "loc": {
          "start": { "line": 254, "column": 21 },
          "end": { "line": 254, "column": 63 }
        },
        "type": "cond-expr",
        "locations": [
          {
            "start": { "line": 254, "column": 44 },
            "end": { "line": 254, "column": 48 }
          },
          {
            "start": { "line": 254, "column": 51 },
            "end": { "line": 254, "column": 63 }
          }
        ],
        "line": 254
      },
      "16": {
        "loc": {
          "start": { "line": 266, "column": 23 },
          "end": { "line": 266, "column": 70 }
        },
        "type": "cond-expr",
        "locations": [
          {
            "start": { "line": 266, "column": 50 },
            "end": { "line": 266, "column": 63 }
          },
          {
            "start": { "line": 266, "column": 66 },
            "end": { "line": 266, "column": 70 }
          }
        ],
        "line": 266
      },
      "17": {
        "loc": {
          "start": { "line": 266, "column": 23 },
          "end": { "line": 266, "column": 47 }
        },
        "type": "binary-expr",
        "locations": [
          {
            "start": { "line": 266, "column": 23 },
            "end": { "line": 266, "column": 28 }
          },
          {
            "start": { "line": 266, "column": 32 },
            "end": { "line": 266, "column": 47 }
          }
        ],
        "line": 266
      },
      "18": {
        "loc": {
          "start": { "line": 272, "column": 29 },
          "end": { "line": 272, "column": 57 }
        },
        "type": "cond-expr",
        "locations": [
          {
            "start": { "line": 272, "column": 37 },
            "end": { "line": 272, "column": 50 }
          },
          {
            "start": { "line": 272, "column": 53 },
            "end": { "line": 272, "column": 57 }
          }
        ],
        "line": 272
      }
    },
    "s": {
      "0": 1,
      "1": 1,
      "2": 1,
      "3": 1,
      "4": 1,
      "5": 1,
      "6": 1,
      "7": 1,
      "8": 1,
      "9": 1,
      "10": 1,
      "11": 1,
      "12": 1,
      "13": 1,
      "14": 0,
      "15": 0,
      "16": 0,
      "17": 0,
      "18": 0,
      "19": 0,
      "20": 0,
      "21": 0,
      "22": 0,
      "23": 0,
      "24": 0,
      "25": 0,
      "26": 0,
      "27": 0,
      "28": 0,
      "29": 0,
      "30": 0,
      "31": 1,
      "32": 0,
      "33": 0,
      "34": 0,
      "35": 1,
      "36": 0,
      "37": 0,
      "38": 0,
      "39": 0,
      "40": 0,
      "41": 0,
      "42": 0,
      "43": 0,
      "44": 0,
      "45": 0,
      "46": 0,
      "47": 1,
      "48": 0,
      "49": 0,
      "50": 0,
      "51": 0,
      "52": 0,
      "53": 0,
      "54": 0,
      "55": 0
    },
    "f": {
      "0": 1,
      "1": 1,
      "2": 0,
      "3": 0,
      "4": 0,
      "5": 0,
      "6": 0,
      "7": 0,
      "8": 0,
      "9": 0,
      "10": 0,
      "11": 0,
      "12": 0,
      "13": 0
    },
    "b": {
      "0": [0, 0],
      "1": [0, 0, 0],
      "2": [0, 0],
      "3": [0, 0],
      "4": [0, 0],
      "5": [0, 0],
      "6": [0, 0],
      "7": [0, 0],
      "8": [0, 0],
      "9": [0, 0],
      "10": [0, 0],
      "11": [0, 0],
      "12": [0, 1],
      "13": [0, 1],
      "14": [1, 0],
      "15": [1, 0],
      "16": [0, 1],
      "17": [1, 0],
      "18": [0, 1]
    },
    "_coverageSchema": "43e27e138ebf9cfc5966b082cf9a028302ed4184",
    "hash": "e6151f41796bd6061910b7ed7414b8965b494414"
  },
  "/Users/alyssabutler/Documents/ab/website_EisbachRidersGatsby/src/components/Privacy.jsx": {
    "path": "/Users/alyssabutler/Documents/ab/website_EisbachRidersGatsby/src/components/Privacy.jsx",
    "statementMap": {
      "0": {
        "start": { "line": 9, "column": 18 },
        "end": { "line": 51, "column": 3 }
      },
      "1": {
        "start": { "line": 9, "column": 39 },
        "end": { "line": 51, "column": 1 }
      },
      "2": {
        "start": { "line": 54, "column": 18 },
        "end": { "line": 54, "column": 29 }
      },
      "3": {
        "start": { "line": 55, "column": 16 },
        "end": { "line": 55, "column": 32 }
      },
      "4": {
        "start": { "line": 56, "column": 2 },
        "end": { "line": 237, "column": 3 }
      },
      "5": {
        "start": { "line": 171, "column": 23 },
        "end": { "line": 171, "column": 56 }
      }
    },
    "fnMap": {
      "0": {
        "name": "(anonymous_0)",
        "decl": {
          "start": { "line": 9, "column": 29 },
          "end": { "line": 9, "column": 30 }
        },
        "loc": {
          "start": { "line": 9, "column": 39 },
          "end": { "line": 51, "column": 1 }
        },
        "line": 9
      },
      "1": {
        "name": "Privacy",
        "decl": {
          "start": { "line": 53, "column": 9 },
          "end": { "line": 53, "column": 16 }
        },
        "loc": {
          "start": { "line": 53, "column": 19 },
          "end": { "line": 238, "column": 1 }
        },
        "line": 53
      },
      "2": {
        "name": "(anonymous_2)",
        "decl": {
          "start": { "line": 171, "column": 17 },
          "end": { "line": 171, "column": 18 }
        },
        "loc": {
          "start": { "line": 171, "column": 23 },
          "end": { "line": 171, "column": 56 }
        },
        "line": 171
      }
    },
    "branchMap": {},
    "s": { "0": 1, "1": 1, "2": 1, "3": 1, "4": 1, "5": 0 },
    "f": { "0": 1, "1": 1, "2": 0 },
    "b": {},
    "_coverageSchema": "43e27e138ebf9cfc5966b082cf9a028302ed4184",
    "hash": "5522c039fe7b2311244995ea628c2148cd42e627"
  },
  "/Users/alyssabutler/Documents/ab/website_EisbachRidersGatsby/src/components/ProductDialog.jsx": {
    "path": "/Users/alyssabutler/Documents/ab/website_EisbachRidersGatsby/src/components/ProductDialog.jsx",
    "statementMap": {
      "0": {
        "start": { "line": 25, "column": 18 },
        "end": { "line": 143, "column": 3 }
      },
      "1": {
        "start": { "line": 25, "column": 39 },
        "end": { "line": 143, "column": 1 }
      },
      "2": {
        "start": { "line": 154, "column": 18 },
        "end": { "line": 154, "column": 29 }
      },
      "3": {
        "start": { "line": 155, "column": 16 },
        "end": { "line": 155, "column": 32 }
      },
      "4": {
        "start": { "line": 156, "column": 38 },
        "end": { "line": 156, "column": 49 }
      },
      "5": {
        "start": { "line": 158, "column": 28 },
        "end": { "line": 160, "column": 3 }
      },
      "6": {
        "start": { "line": 159, "column": 4 },
        "end": { "line": 159, "column": 29 }
      },
      "7": {
        "start": { "line": 162, "column": 21 },
        "end": { "line": 164, "column": 3 }
      },
      "8": {
        "start": { "line": 163, "column": 4 },
        "end": { "line": 163, "column": 33 }
      },
      "9": {
        "start": { "line": 166, "column": 21 },
        "end": { "line": 168, "column": 3 }
      },
      "10": {
        "start": { "line": 167, "column": 4 },
        "end": { "line": 167, "column": 33 }
      },
      "11": {
        "start": { "line": 170, "column": 14 },
        "end": { "line": 170, "column": 27 }
      },
      "12": {
        "start": { "line": 172, "column": 2 },
        "end": { "line": 294, "column": 3 }
      },
      "13": {
        "start": { "line": 180, "column": 23 },
        "end": { "line": 180, "column": 44 }
      },
      "14": {
        "start": { "line": 210, "column": 18 },
        "end": { "line": 215, "column": 20 }
      },
      "15": {
        "start": { "line": 275, "column": 18 },
        "end": { "line": 286, "column": 29 }
      },
      "16": {
        "start": { "line": 297, "column": 0 },
        "end": { "line": 305, "column": 1 }
      }
    },
    "fnMap": {
      "0": {
        "name": "(anonymous_0)",
        "decl": {
          "start": { "line": 25, "column": 29 },
          "end": { "line": 25, "column": 30 }
        },
        "loc": {
          "start": { "line": 25, "column": 39 },
          "end": { "line": 143, "column": 1 }
        },
        "line": 25
      },
      "1": {
        "name": "ProductDialog",
        "decl": {
          "start": { "line": 145, "column": 9 },
          "end": { "line": 145, "column": 22 }
        },
        "loc": {
          "start": { "line": 153, "column": 3 },
          "end": { "line": 295, "column": 1 }
        },
        "line": 153
      },
      "2": {
        "name": "(anonymous_2)",
        "decl": {
          "start": { "line": 158, "column": 28 },
          "end": { "line": 158, "column": 29 }
        },
        "loc": {
          "start": { "line": 158, "column": 42 },
          "end": { "line": 160, "column": 3 }
        },
        "line": 158
      },
      "3": {
        "name": "(anonymous_3)",
        "decl": {
          "start": { "line": 162, "column": 21 },
          "end": { "line": 162, "column": 22 }
        },
        "loc": {
          "start": { "line": 162, "column": 27 },
          "end": { "line": 164, "column": 3 }
        },
        "line": 162
      },
      "4": {
        "name": "(anonymous_4)",
        "decl": {
          "start": { "line": 166, "column": 21 },
          "end": { "line": 166, "column": 22 }
        },
        "loc": {
          "start": { "line": 166, "column": 27 },
          "end": { "line": 168, "column": 3 }
        },
        "line": 166
      },
      "5": {
        "name": "(anonymous_5)",
        "decl": {
          "start": { "line": 180, "column": 17 },
          "end": { "line": 180, "column": 18 }
        },
        "loc": {
          "start": { "line": 180, "column": 23 },
          "end": { "line": 180, "column": 44 }
        },
        "line": 180
      },
      "6": {
        "name": "(anonymous_6)",
        "decl": {
          "start": { "line": 209, "column": 36 },
          "end": { "line": 209, "column": 37 }
        },
        "loc": {
          "start": { "line": 210, "column": 18 },
          "end": { "line": 215, "column": 20 }
        },
        "line": 210
      },
      "7": {
        "name": "(anonymous_7)",
        "decl": {
          "start": { "line": 274, "column": 39 },
          "end": { "line": 274, "column": 40 }
        },
        "loc": {
          "start": { "line": 275, "column": 18 },
          "end": { "line": 286, "column": 29 }
        },
        "line": 275
      }
    },
    "branchMap": {
      "0": {
        "loc": {
          "start": { "line": 251, "column": 19 },
          "end": { "line": 260, "column": 19 }
        },
        "type": "binary-expr",
        "locations": [
          {
            "start": { "line": 251, "column": 19 },
            "end": { "line": 251, "column": 33 }
          },
          {
            "start": { "line": 252, "column": 20 },
            "end": { "line": 259, "column": 33 }
          }
        ],
        "line": 251
      },
      "1": {
        "loc": {
          "start": { "line": 261, "column": 19 },
          "end": { "line": 270, "column": 19 }
        },
        "type": "binary-expr",
        "locations": [
          {
            "start": { "line": 261, "column": 19 },
            "end": { "line": 261, "column": 31 }
          },
          {
            "start": { "line": 262, "column": 20 },
            "end": { "line": 269, "column": 33 }
          }
        ],
        "line": 261
      }
    },
    "s": {
      "0": 6,
      "1": 6,
      "2": 12,
      "3": 12,
      "4": 12,
      "5": 12,
      "6": 0,
      "7": 12,
      "8": 0,
      "9": 12,
      "10": 0,
      "11": 12,
      "12": 12,
      "13": 0,
      "14": 52,
      "15": 77,
      "16": 6
    },
    "f": { "0": 6, "1": 12, "2": 0, "3": 0, "4": 0, "5": 0, "6": 52, "7": 77 },
    "b": { "0": [12, 4], "1": [12, 10] },
    "_coverageSchema": "43e27e138ebf9cfc5966b082cf9a028302ed4184",
    "hash": "7764e61aa1843f85d012711526cc5c141cdbf7b7"
  },
  "/Users/alyssabutler/Documents/ab/website_EisbachRidersGatsby/src/components/Products.jsx": {
    "path": "/Users/alyssabutler/Documents/ab/website_EisbachRidersGatsby/src/components/Products.jsx",
    "statementMap": {
      "0": {
        "start": { "line": 16, "column": 18 },
        "end": { "line": 117, "column": 3 }
      },
      "1": {
        "start": { "line": 16, "column": 39 },
        "end": { "line": 117, "column": 1 }
      },
      "2": {
        "start": { "line": 120, "column": 18 },
        "end": { "line": 120, "column": 29 }
      },
      "3": {
        "start": { "line": 121, "column": 16 },
        "end": { "line": 121, "column": 32 }
      },
      "4": {
        "start": { "line": 122, "column": 38 },
        "end": { "line": 122, "column": 49 }
      },
      "5": {
        "start": { "line": 123, "column": 36 },
        "end": { "line": 123, "column": 67 }
      },
      "6": {
        "start": { "line": 125, "column": 27 },
        "end": { "line": 129, "column": 3 }
      },
      "7": {
        "start": { "line": 126, "column": 15 },
        "end": { "line": 126, "column": 36 }
      },
      "8": {
        "start": { "line": 127, "column": 4 },
        "end": { "line": 127, "column": 20 }
      },
      "9": {
        "start": { "line": 128, "column": 4 },
        "end": { "line": 128, "column": 19 }
      },
      "10": {
        "start": { "line": 131, "column": 28 },
        "end": { "line": 133, "column": 3 }
      },
      "11": {
        "start": { "line": 132, "column": 4 },
        "end": { "line": 132, "column": 36 }
      },
      "12": {
        "start": { "line": 135, "column": 28 },
        "end": { "line": 137, "column": 3 }
      },
      "13": {
        "start": { "line": 136, "column": 4 },
        "end": { "line": 136, "column": 29 }
      },
      "14": {
        "start": { "line": 139, "column": 21 },
        "end": { "line": 141, "column": 3 }
      },
      "15": {
        "start": { "line": 140, "column": 4 },
        "end": { "line": 140, "column": 33 }
      },
      "16": {
        "start": { "line": 143, "column": 21 },
        "end": { "line": 145, "column": 3 }
      },
      "17": {
        "start": { "line": 144, "column": 4 },
        "end": { "line": 144, "column": 33 }
      },
      "18": {
        "start": { "line": 147, "column": 2 },
        "end": { "line": 300, "column": 3 }
      },
      "19": {
        "start": { "line": 155, "column": 12 },
        "end": { "line": 207, "column": 18 }
      },
      "20": {
        "start": { "line": 160, "column": 31 },
        "end": { "line": 160, "column": 52 }
      },
      "21": {
        "start": { "line": 217, "column": 14 },
        "end": { "line": 268, "column": 20 }
      }
    },
    "fnMap": {
      "0": {
        "name": "(anonymous_0)",
        "decl": {
          "start": { "line": 16, "column": 29 },
          "end": { "line": 16, "column": 30 }
        },
        "loc": {
          "start": { "line": 16, "column": 39 },
          "end": { "line": 117, "column": 1 }
        },
        "line": 16
      },
      "1": {
        "name": "Products",
        "decl": {
          "start": { "line": 119, "column": 9 },
          "end": { "line": 119, "column": 17 }
        },
        "loc": {
          "start": { "line": 119, "column": 20 },
          "end": { "line": 301, "column": 1 }
        },
        "line": 119
      },
      "2": {
        "name": "(anonymous_2)",
        "decl": {
          "start": { "line": 125, "column": 27 },
          "end": { "line": 125, "column": 28 }
        },
        "loc": {
          "start": { "line": 125, "column": 34 },
          "end": { "line": 129, "column": 3 }
        },
        "line": 125
      },
      "3": {
        "name": "(anonymous_3)",
        "decl": {
          "start": { "line": 131, "column": 28 },
          "end": { "line": 131, "column": 29 }
        },
        "loc": {
          "start": { "line": 131, "column": 34 },
          "end": { "line": 133, "column": 3 }
        },
        "line": 131
      },
      "4": {
        "name": "(anonymous_4)",
        "decl": {
          "start": { "line": 135, "column": 28 },
          "end": { "line": 135, "column": 29 }
        },
        "loc": {
          "start": { "line": 135, "column": 42 },
          "end": { "line": 137, "column": 3 }
        },
        "line": 135
      },
      "5": {
        "name": "(anonymous_5)",
        "decl": {
          "start": { "line": 139, "column": 21 },
          "end": { "line": 139, "column": 22 }
        },
        "loc": {
          "start": { "line": 139, "column": 27 },
          "end": { "line": 141, "column": 3 }
        },
        "line": 139
      },
      "6": {
        "name": "(anonymous_6)",
        "decl": {
          "start": { "line": 143, "column": 21 },
          "end": { "line": 143, "column": 22 }
        },
        "loc": {
          "start": { "line": 143, "column": 27 },
          "end": { "line": 145, "column": 3 }
        },
        "line": 143
      },
      "7": {
        "name": "(anonymous_7)",
        "decl": {
          "start": { "line": 154, "column": 28 },
          "end": { "line": 154, "column": 29 }
        },
        "loc": {
          "start": { "line": 155, "column": 12 },
          "end": { "line": 207, "column": 18 }
        },
        "line": 155
      },
      "8": {
        "name": "(anonymous_8)",
        "decl": {
          "start": { "line": 160, "column": 25 },
          "end": { "line": 160, "column": 26 }
        },
        "loc": {
          "start": { "line": 160, "column": 31 },
          "end": { "line": 160, "column": 52 }
        },
        "line": 160
      },
      "9": {
        "name": "(anonymous_9)",
        "decl": {
          "start": { "line": 216, "column": 30 },
          "end": { "line": 216, "column": 31 }
        },
        "loc": {
          "start": { "line": 217, "column": 14 },
          "end": { "line": 268, "column": 20 }
        },
        "line": 217
      }
    },
    "branchMap": {
      "0": {
        "loc": {
          "start": { "line": 170, "column": 23 },
          "end": { "line": 180, "column": 23 }
        },
        "type": "binary-expr",
        "locations": [
          {
            "start": { "line": 170, "column": 23 },
            "end": { "line": 170, "column": 34 }
          },
          {
            "start": { "line": 171, "column": 24 },
            "end": { "line": 179, "column": 37 }
          }
        ],
        "line": 170
      },
      "1": {
        "loc": {
          "start": { "line": 181, "column": 23 },
          "end": { "line": 193, "column": 23 }
        },
        "type": "binary-expr",
        "locations": [
          {
            "start": { "line": 181, "column": 23 },
            "end": { "line": 181, "column": 32 }
          },
          {
            "start": { "line": 182, "column": 24 },
            "end": { "line": 192, "column": 37 }
          }
        ],
        "line": 181
      },
      "2": {
        "loc": {
          "start": { "line": 231, "column": 25 },
          "end": { "line": 241, "column": 25 }
        },
        "type": "binary-expr",
        "locations": [
          {
            "start": { "line": 231, "column": 25 },
            "end": { "line": 231, "column": 36 }
          },
          {
            "start": { "line": 232, "column": 26 },
            "end": { "line": 240, "column": 39 }
          }
        ],
        "line": 231
      },
      "3": {
        "loc": {
          "start": { "line": 242, "column": 25 },
          "end": { "line": 254, "column": 25 }
        },
        "type": "binary-expr",
        "locations": [
          {
            "start": { "line": 242, "column": 25 },
            "end": { "line": 242, "column": 34 }
          },
          {
            "start": { "line": 243, "column": 26 },
            "end": { "line": 253, "column": 39 }
          }
        ],
        "line": 242
      }
    },
    "s": {
      "0": 1,
      "1": 1,
      "2": 1,
      "3": 1,
      "4": 1,
      "5": 1,
      "6": 1,
      "7": 0,
      "8": 0,
      "9": 0,
      "10": 1,
      "11": 0,
      "12": 1,
      "13": 0,
      "14": 1,
      "15": 0,
      "16": 1,
      "17": 0,
      "18": 1,
      "19": 3,
      "20": 0,
      "21": 3
    },
    "f": {
      "0": 1,
      "1": 1,
      "2": 0,
      "3": 0,
      "4": 0,
      "5": 0,
      "6": 0,
      "7": 3,
      "8": 0,
      "9": 3
    },
    "b": { "0": [3, 2], "1": [3, 3], "2": [3, 2], "3": [3, 3] },
    "_coverageSchema": "43e27e138ebf9cfc5966b082cf9a028302ed4184",
    "hash": "e1574f93d8af1ba258f713d70cb864510e4951be"
  },
  "/Users/alyssabutler/Documents/ab/website_EisbachRidersGatsby/src/components/Snackbar.jsx": {
    "path": "/Users/alyssabutler/Documents/ab/website_EisbachRidersGatsby/src/components/Snackbar.jsx",
    "statementMap": {
      "0": {
        "start": { "line": 13, "column": 20 },
        "end": { "line": 18, "column": 1 }
      },
      "1": {
        "start": { "line": 20, "column": 18 },
        "end": { "line": 44, "column": 3 }
      },
      "2": {
        "start": { "line": 20, "column": 39 },
        "end": { "line": 44, "column": 1 }
      },
      "3": {
        "start": { "line": 47, "column": 18 },
        "end": { "line": 47, "column": 29 }
      },
      "4": {
        "start": { "line": 48, "column": 15 },
        "end": { "line": 48, "column": 35 }
      },
      "5": {
        "start": { "line": 49, "column": 2 },
        "end": { "line": 72, "column": 3 }
      },
      "6": {
        "start": { "line": 75, "column": 0 },
        "end": { "line": 80, "column": 1 }
      }
    },
    "fnMap": {
      "0": {
        "name": "(anonymous_0)",
        "decl": {
          "start": { "line": 20, "column": 29 },
          "end": { "line": 20, "column": 30 }
        },
        "loc": {
          "start": { "line": 20, "column": 39 },
          "end": { "line": 44, "column": 1 }
        },
        "line": 20
      },
      "1": {
        "name": "Notification",
        "decl": {
          "start": { "line": 46, "column": 9 },
          "end": { "line": 46, "column": 21 }
        },
        "loc": {
          "start": { "line": 46, "column": 74 },
          "end": { "line": 73, "column": 1 }
        },
        "line": 46
      }
    },
    "branchMap": {},
    "s": { "0": 2, "1": 2, "2": 1, "3": 1, "4": 1, "5": 1, "6": 2 },
    "f": { "0": 1, "1": 1 },
    "b": {},
    "_coverageSchema": "43e27e138ebf9cfc5966b082cf9a028302ed4184",
    "hash": "73b502ac79a0c52e0e31377974298afa47df0211"
  },
  "/Users/alyssabutler/Documents/ab/website_EisbachRidersGatsby/src/components/Tracking.jsx": {
    "path": "/Users/alyssabutler/Documents/ab/website_EisbachRidersGatsby/src/components/Tracking.jsx",
    "statementMap": {
      "0": {
        "start": { "line": 9, "column": 18 },
        "end": { "line": 62, "column": 3 }
      },
      "1": {
        "start": { "line": 9, "column": 39 },
        "end": { "line": 62, "column": 1 }
      },
      "2": {
        "start": { "line": 65, "column": 18 },
        "end": { "line": 65, "column": 29 }
      },
      "3": {
        "start": { "line": 66, "column": 16 },
        "end": { "line": 66, "column": 32 }
      },
      "4": {
        "start": { "line": 67, "column": 40 },
        "end": { "line": 67, "column": 54 }
      },
      "5": {
        "start": { "line": 69, "column": 31 },
        "end": { "line": 71, "column": 3 }
      },
      "6": {
        "start": { "line": 70, "column": 4 },
        "end": { "line": 70, "column": 22 }
      },
      "7": {
        "start": { "line": 73, "column": 32 },
        "end": { "line": 76, "column": 3 }
      },
      "8": {
        "start": { "line": 74, "column": 4 },
        "end": { "line": 74, "column": 46 }
      },
      "9": {
        "start": { "line": 75, "column": 4 },
        "end": { "line": 75, "column": 22 }
      },
      "10": {
        "start": { "line": 78, "column": 2 },
        "end": { "line": 122, "column": 3 }
      }
    },
    "fnMap": {
      "0": {
        "name": "(anonymous_0)",
        "decl": {
          "start": { "line": 9, "column": 29 },
          "end": { "line": 9, "column": 30 }
        },
        "loc": {
          "start": { "line": 9, "column": 39 },
          "end": { "line": 62, "column": 1 }
        },
        "line": 9
      },
      "1": {
        "name": "Tracking",
        "decl": {
          "start": { "line": 64, "column": 9 },
          "end": { "line": 64, "column": 17 }
        },
        "loc": {
          "start": { "line": 64, "column": 20 },
          "end": { "line": 123, "column": 1 }
        },
        "line": 64
      },
      "2": {
        "name": "(anonymous_2)",
        "decl": {
          "start": { "line": 69, "column": 31 },
          "end": { "line": 69, "column": 32 }
        },
        "loc": {
          "start": { "line": 69, "column": 37 },
          "end": { "line": 71, "column": 3 }
        },
        "line": 69
      },
      "3": {
        "name": "(anonymous_3)",
        "decl": {
          "start": { "line": 73, "column": 32 },
          "end": { "line": 73, "column": 33 }
        },
        "loc": {
          "start": { "line": 73, "column": 38 },
          "end": { "line": 76, "column": 3 }
        },
        "line": 73
      }
    },
    "branchMap": {},
    "s": {
      "0": 1,
      "1": 1,
      "2": 1,
      "3": 1,
      "4": 1,
      "5": 1,
      "6": 0,
      "7": 1,
      "8": 0,
      "9": 0,
      "10": 1
    },
    "f": { "0": 1, "1": 1, "2": 0, "3": 0 },
    "b": {},
    "_coverageSchema": "43e27e138ebf9cfc5966b082cf9a028302ed4184",
    "hash": "1a0839a2eeca144a4a0a65899f7fef6150fd8435"
  },
  "/Users/alyssabutler/Documents/ab/website_EisbachRidersGatsby/src/components/shop/Shop.jsx": {
    "path": "/Users/alyssabutler/Documents/ab/website_EisbachRidersGatsby/src/components/shop/Shop.jsx",
    "statementMap": {
      "0": {
        "start": { "line": 12, "column": 18 },
        "end": { "line": 40, "column": 3 }
      },
      "1": {
        "start": { "line": 12, "column": 39 },
        "end": { "line": 40, "column": 1 }
      },
      "2": {
        "start": { "line": 43, "column": 18 },
        "end": { "line": 43, "column": 29 }
      },
      "3": {
        "start": { "line": 44, "column": 16 },
        "end": { "line": 44, "column": 32 }
      },
      "4": {
        "start": { "line": 45, "column": 2 },
        "end": { "line": 72, "column": 3 }
      },
      "5": {
        "start": { "line": 52, "column": 10 },
        "end": { "line": 52, "column": 56 }
      },
      "6": {
        "start": { "line": 60, "column": 10 },
        "end": { "line": 60, "column": 56 }
      },
      "7": {
        "start": { "line": 68, "column": 10 },
        "end": { "line": 68, "column": 56 }
      }
    },
    "fnMap": {
      "0": {
        "name": "(anonymous_0)",
        "decl": {
          "start": { "line": 12, "column": 29 },
          "end": { "line": 12, "column": 30 }
        },
        "loc": {
          "start": { "line": 12, "column": 39 },
          "end": { "line": 40, "column": 1 }
        },
        "line": 12
      },
      "1": {
        "name": "Shop",
        "decl": {
          "start": { "line": 42, "column": 9 },
          "end": { "line": 42, "column": 13 }
        },
        "loc": {
          "start": { "line": 42, "column": 16 },
          "end": { "line": 73, "column": 1 }
        },
        "line": 42
      },
      "2": {
        "name": "(anonymous_2)",
        "decl": {
          "start": { "line": 51, "column": 26 },
          "end": { "line": 51, "column": 27 }
        },
        "loc": {
          "start": { "line": 52, "column": 10 },
          "end": { "line": 52, "column": 56 }
        },
        "line": 52
      },
      "3": {
        "name": "(anonymous_3)",
        "decl": {
          "start": { "line": 59, "column": 29 },
          "end": { "line": 59, "column": 30 }
        },
        "loc": {
          "start": { "line": 60, "column": 10 },
          "end": { "line": 60, "column": 56 }
        },
        "line": 60
      },
      "4": {
        "name": "(anonymous_4)",
        "decl": {
          "start": { "line": 67, "column": 27 },
          "end": { "line": 67, "column": 28 }
        },
        "loc": {
          "start": { "line": 68, "column": 10 },
          "end": { "line": 68, "column": 56 }
        },
        "line": 68
      }
    },
    "branchMap": {},
    "s": { "0": 1, "1": 1, "2": 1, "3": 1, "4": 1, "5": 3, "6": 1, "7": 1 },
    "f": { "0": 1, "1": 1, "2": 3, "3": 1, "4": 1 },
    "b": {},
    "_coverageSchema": "43e27e138ebf9cfc5966b082cf9a028302ed4184",
    "hash": "bdb6086524deb36cffa5a9f05fcc50b837603d9e"
  },
  "/Users/alyssabutler/Documents/ab/website_EisbachRidersGatsby/src/components/shop/ShopItem.jsx": {
    "path": "/Users/alyssabutler/Documents/ab/website_EisbachRidersGatsby/src/components/shop/ShopItem.jsx",
    "statementMap": {
      "0": {
        "start": { "line": 11, "column": 18 },
        "end": { "line": 57, "column": 3 }
      },
      "1": {
        "start": { "line": 11, "column": 39 },
        "end": { "line": 57, "column": 1 }
      },
      "2": {
        "start": { "line": 60, "column": 18 },
        "end": { "line": 60, "column": 29 }
      },
      "3": {
        "start": { "line": 61, "column": 16 },
        "end": { "line": 61, "column": 32 }
      },
      "4": {
        "start": { "line": 62, "column": 36 },
        "end": { "line": 62, "column": 51 }
      },
      "5": {
        "start": { "line": 64, "column": 2 },
        "end": { "line": 117, "column": 3 }
      },
      "6": {
        "start": { "line": 70, "column": 23 },
        "end": { "line": 70, "column": 38 }
      },
      "7": {
        "start": { "line": 111, "column": 34 },
        "end": { "line": 111, "column": 49 }
      },
      "8": {
        "start": { "line": 112, "column": 35 },
        "end": { "line": 112, "column": 51 }
      },
      "9": {
        "start": { "line": 120, "column": 0 },
        "end": { "line": 122, "column": 1 }
      }
    },
    "fnMap": {
      "0": {
        "name": "(anonymous_0)",
        "decl": {
          "start": { "line": 11, "column": 29 },
          "end": { "line": 11, "column": 30 }
        },
        "loc": {
          "start": { "line": 11, "column": 39 },
          "end": { "line": 57, "column": 1 }
        },
        "line": 11
      },
      "1": {
        "name": "ShopItem",
        "decl": {
          "start": { "line": 59, "column": 9 },
          "end": { "line": 59, "column": 17 }
        },
        "loc": {
          "start": { "line": 59, "column": 31 },
          "end": { "line": 118, "column": 1 }
        },
        "line": 59
      },
      "2": {
        "name": "(anonymous_2)",
        "decl": {
          "start": { "line": 70, "column": 17 },
          "end": { "line": 70, "column": 18 }
        },
        "loc": {
          "start": { "line": 70, "column": 23 },
          "end": { "line": 70, "column": 38 }
        },
        "line": 70
      },
      "3": {
        "name": "(anonymous_3)",
        "decl": {
          "start": { "line": 111, "column": 28 },
          "end": { "line": 111, "column": 29 }
        },
        "loc": {
          "start": { "line": 111, "column": 34 },
          "end": { "line": 111, "column": 49 }
        },
        "line": 111
      },
      "4": {
        "name": "(anonymous_4)",
        "decl": {
          "start": { "line": 112, "column": 29 },
          "end": { "line": 112, "column": 30 }
        },
        "loc": {
          "start": { "line": 112, "column": 35 },
          "end": { "line": 112, "column": 51 }
        },
        "line": 112
      }
    },
    "branchMap": {
      "0": {
        "loc": {
          "start": { "line": 80, "column": 15 },
          "end": { "line": 90, "column": 15 }
        },
        "type": "binary-expr",
        "locations": [
          {
            "start": { "line": 80, "column": 15 },
            "end": { "line": 80, "column": 29 }
          },
          {
            "start": { "line": 81, "column": 16 },
            "end": { "line": 89, "column": 29 }
          }
        ],
        "line": 80
      },
      "1": {
        "loc": {
          "start": { "line": 91, "column": 15 },
          "end": { "line": 103, "column": 15 }
        },
        "type": "binary-expr",
        "locations": [
          {
            "start": { "line": 91, "column": 15 },
            "end": { "line": 91, "column": 27 }
          },
          {
            "start": { "line": 92, "column": 16 },
            "end": { "line": 102, "column": 29 }
          }
        ],
        "line": 91
      }
    },
    "s": {
      "0": 2,
      "1": 2,
      "2": 6,
      "3": 6,
      "4": 6,
      "5": 6,
      "6": 0,
      "7": 0,
      "8": 0,
      "9": 2
    },
    "f": { "0": 2, "1": 6, "2": 0, "3": 0, "4": 0 },
    "b": { "0": [6, 2], "1": [6, 5] },
    "_coverageSchema": "43e27e138ebf9cfc5966b082cf9a028302ed4184",
    "hash": "ba9a30243a7bc9476bdc0ede819d0bf107950a1e"
  },
  "/Users/alyssabutler/Documents/ab/website_EisbachRidersGatsby/src/data/ProductData.js": {
    "path": "/Users/alyssabutler/Documents/ab/website_EisbachRidersGatsby/src/data/ProductData.js",
    "statementMap": {
      "0": {
        "start": { "line": 32, "column": 28 },
        "end": { "line": 133, "column": 1 }
      },
      "1": {
        "start": { "line": 135, "column": 26 },
        "end": { "line": 170, "column": 1 }
      },
      "2": {
        "start": { "line": 172, "column": 30 },
        "end": { "line": 206, "column": 1 }
      },
      "3": {
        "start": { "line": 208, "column": 29 },
        "end": { "line": 243, "column": 1 }
      },
      "4": {
        "start": { "line": 245, "column": 31 },
        "end": { "line": 280, "column": 1 }
      }
    },
    "fnMap": {},
    "branchMap": {},
    "s": { "0": 4, "1": 4, "2": 4, "3": 4, "4": 4 },
    "f": {},
    "b": {},
    "_coverageSchema": "43e27e138ebf9cfc5966b082cf9a028302ed4184",
    "hash": "8e17192e22fff100f9bbc33e5876fa849832f9c7"
  },
  "/Users/alyssabutler/Documents/ab/website_EisbachRidersGatsby/src/i18n/i18n.js": {
    "path": "/Users/alyssabutler/Documents/ab/website_EisbachRidersGatsby/src/i18n/i18n.js",
    "statementMap": {
      "0": {
        "start": { "line": 7, "column": 0 },
        "end": { "line": 25, "column": 4 }
      }
    },
    "fnMap": {},
    "branchMap": {},
    "s": { "0": 6 },
    "f": {},
    "b": {},
    "_coverageSchema": "43e27e138ebf9cfc5966b082cf9a028302ed4184",
    "hash": "3a3d0e4ef58352290a02604055cf76a2c4244c0a"
  }
}
