{
  "/Users/alyssabutler/Documents/ab/website_EisbachRidersGatsby/src/components/SEO.jsx": {
    "path": "/Users/alyssabutler/Documents/ab/website_EisbachRidersGatsby/src/components/SEO.jsx",
    "statementMap": {
      "0": {
        "start": { "line": 6, "column": 12 },
        "end": { "line": 43, "column": 1 }
      },
      "1": {
        "start": { "line": 7, "column": 2 },
        "end": { "line": 42, "column": 4 }
      },
      "2": {
        "start": { "line": 19, "column": 18 },
        "end": { "line": 21, "column": 7 }
      },
      "3": {
        "start": { "line": 23, "column": 6 },
        "end": { "line": 40, "column": 7 }
      },
      "4": {
        "start": { "line": 47, "column": 0 },
        "end": { "line": 51, "column": 1 }
      },
      "5": {
        "start": { "line": 53, "column": 0 },
        "end": { "line": 56, "column": 1 }
      },
      "6": {
        "start": { "line": 58, "column": 14 },
        "end": { "line": 69, "column": 1 }
      }
    },
    "fnMap": {
      "0": {
        "name": "(anonymous_0)",
        "decl": {
          "start": { "line": 6, "column": 12 },
          "end": { "line": 6, "column": 13 }
        },
        "loc": {
          "start": { "line": 7, "column": 2 },
          "end": { "line": 42, "column": 4 }
        },
        "line": 7
      },
      "1": {
        "name": "(anonymous_1)",
        "decl": {
          "start": { "line": 9, "column": 12 },
          "end": { "line": 9, "column": 13 }
        },
        "loc": {
          "start": { "line": 18, "column": 10 },
          "end": { "line": 41, "column": 5 }
        },
        "line": 18
      }
    },
    "branchMap": {
      "0": {
        "loc": {
          "start": { "line": 20, "column": 26 },
          "end": { "line": 20, "column": 41 }
        },
        "type": "binary-expr",
        "locations": [
          {
            "start": { "line": 20, "column": 26 },
            "end": { "line": 20, "column": 34 }
          },
          {
            "start": { "line": 20, "column": 38 },
            "end": { "line": 20, "column": 41 }
          }
        ],
        "line": 20
      },
      "1": {
        "loc": {
          "start": { "line": 27, "column": 36 },
          "end": { "line": 27, "column": 62 }
        },
        "type": "cond-expr",
        "locations": [
          {
            "start": { "line": 27, "column": 47 },
            "end": { "line": 27, "column": 55 }
          },
          {
            "start": { "line": 27, "column": 58 },
            "end": { "line": 27, "column": 62 }
          }
        ],
        "line": 27
      },
      "2": {
        "loc": {
          "start": { "line": 31, "column": 13 },
          "end": { "line": 31, "column": 68 }
        },
        "type": "binary-expr",
        "locations": [
          {
            "start": { "line": 31, "column": 13 },
            "end": { "line": 31, "column": 20 }
          },
          {
            "start": { "line": 31, "column": 24 },
            "end": { "line": 31, "column": 68 }
          }
        ],
        "line": 31
      },
      "3": {
        "loc": {
          "start": { "line": 32, "column": 13 },
          "end": { "line": 34, "column": 13 }
        },
        "type": "binary-expr",
        "locations": [
          {
            "start": { "line": 32, "column": 14 },
            "end": { "line": 32, "column": 35 }
          },
          {
            "start": { "line": 33, "column": 14 },
            "end": { "line": 33, "column": 59 }
          }
        ],
        "line": 32
      },
      "4": {
        "loc": {
          "start": { "line": 32, "column": 14 },
          "end": { "line": 32, "column": 35 }
        },
        "type": "cond-expr",
        "locations": [
          {
            "start": { "line": 32, "column": 24 },
            "end": { "line": 32, "column": 28 }
          },
          {
            "start": { "line": 32, "column": 31 },
            "end": { "line": 32, "column": 35 }
          }
        ],
        "line": 32
      }
    },
    "s": { "0": 1, "1": 1, "2": 0, "3": 0, "4": 1, "5": 1, "6": 1 },
    "f": { "0": 1, "1": 0 },
    "b": { "0": [0, 0], "1": [0, 0], "2": [0, 0], "3": [0, 0], "4": [0, 0] },
    "_coverageSchema": "43e27e138ebf9cfc5966b082cf9a028302ed4184",
    "hash": "66e881b2967d4df2d8c3ee6b709bf649ffcf24cf"
  }
}
