TN:
SF:/Users/alyssabutler/Documents/ab/website_EisbachRidersGatsby/src/assets/icons/ER.js
FN:4,ERIcon
FNF:1
FNH:1
FNDA:1,ERIcon
DA:5,1
LF:1
LH:1
BRF:0
BRH:0
end_of_record
TN:
SF:/Users/alyssabutler/Documents/ab/website_EisbachRidersGatsby/src/assets/icons/icons.js
FN:4,InstagramIcon
FN:12,FacebookIcon
FN:42,EbayIcon
FN:72,AmazonIcon
FN:135,SurfIcon
FN:150,FeatherIcon
FNF:6
FNH:6
FNDA:2,InstagramIcon
FNDA:2,FacebookIcon
FNDA:8,EbayIcon
FNDA:4,AmazonIcon
FNDA:4,SurfIcon
FNDA:4,FeatherIcon
DA:5,2
DA:13,2
DA:43,8
DA:73,4
DA:136,4
DA:151,4
LF:6
LH:6
BRF:0
BRH:0
end_of_record
TN:
SF:/Users/alyssabutler/Documents/ab/website_EisbachRidersGatsby/src/assets/theme/muiTheme.js
FNF:0
FNH:0
DA:4,16
DA:20,16
LF:2
LH:2
BRF:0
BRH:0
end_of_record
TN:
SF:/Users/alyssabutler/Documents/ab/website_EisbachRidersGatsby/src/components/About.jsx
FN:9,(anonymous_0)
FN:107,About
FNF:2
FNH:2
FNDA:1,(anonymous_0)
FNDA:1,About
DA:9,1
DA:108,1
DA:109,1
DA:110,1
DA:145,1
LF:5
LH:5
BRF:0
BRH:0
end_of_record
TN:
SF:/Users/alyssabutler/Documents/ab/website_EisbachRidersGatsby/src/components/Feature.jsx
FN:13,(anonymous_0)
FN:124,Feature
FN:206,(anonymous_2)
FN:207,(anonymous_3)
FNF:4
FNH:2
FNDA:1,(anonymous_0)
FNDA:1,Feature
FNDA:0,(anonymous_2)
FNDA:0,(anonymous_3)
DA:13,1
DA:125,1
DA:126,1
DA:127,1
DA:129,1
DA:206,0
DA:207,0
DA:215,1
LF:8
LH:6
BRF:0
BRH:0
end_of_record
TN:
SF:/Users/alyssabutler/Documents/ab/website_EisbachRidersGatsby/src/components/Footer.jsx
FN:12,(anonymous_0)
FN:141,Footer
FN:154,(anonymous_2)
FN:154,(anonymous_3)
FN:186,(anonymous_4)
FN:193,(anonymous_5)
FN:207,(anonymous_6)
FN:216,(anonymous_7)
FN:235,(anonymous_8)
FN:238,(anonymous_9)
FN:268,(anonymous_10)
FN:284,(anonymous_11)
FN:300,(anonymous_12)
FNF:13
FNH:2
FNDA:1,(anonymous_0)
FNDA:1,Footer
FNDA:0,(anonymous_2)
FNDA:0,(anonymous_3)
FNDA:0,(anonymous_4)
FNDA:0,(anonymous_5)
FNDA:0,(anonymous_6)
FNDA:0,(anonymous_7)
FNDA:0,(anonymous_8)
FNDA:0,(anonymous_9)
FNDA:0,(anonymous_10)
FNDA:0,(anonymous_11)
FNDA:0,(anonymous_12)
DA:12,1
DA:142,1
DA:143,1
DA:144,1
DA:145,1
DA:146,1
DA:147,1
DA:148,1
DA:149,1
DA:150,1
DA:151,1
DA:152,1
DA:154,1
DA:155,0
DA:156,0
DA:158,0
DA:159,0
DA:160,0
DA:161,0
DA:162,0
DA:164,0
DA:165,0
DA:168,0
DA:169,0
DA:170,0
DA:172,0
DA:173,0
DA:176,0
DA:177,0
DA:178,0
DA:180,0
DA:181,0
DA:186,1
DA:187,0
DA:188,0
DA:190,0
DA:193,1
DA:194,0
DA:195,0
DA:208,0
DA:209,0
DA:210,0
DA:212,0
DA:213,0
DA:217,0
DA:218,0
DA:221,0
DA:222,0
DA:226,1
DA:235,0
DA:238,0
DA:268,0
DA:284,0
DA:300,0
LF:54
LH:16
BRDA:155,0,0,0
BRDA:155,0,1,0
BRDA:158,1,0,0
BRDA:158,1,1,0
BRDA:160,2,0,0
BRDA:160,2,1,0
BRDA:168,3,0,0
BRDA:168,3,1,0
BRDA:169,4,0,0
BRDA:169,4,1,0
BRDA:176,5,0,0
BRDA:176,5,1,0
BRDA:177,6,0,0
BRDA:177,6,1,0
BRDA:187,7,0,0
BRDA:187,7,1,0
BRDA:194,8,0,0
BRDA:194,8,1,0
BRDA:194,9,0,0
BRDA:194,9,1,0
BRDA:194,9,2,0
BRDA:194,9,3,0
BRDA:208,10,0,0
BRDA:208,10,1,0
BRDA:241,11,0,1
BRDA:241,11,1,0
BRDA:243,12,0,0
BRDA:243,12,1,0
BRDA:262,13,0,1
BRDA:262,13,1,0
BRDA:278,14,0,1
BRDA:278,14,1,0
BRDA:294,15,0,1
BRDA:294,15,1,0
BRF:34
BRH:4
end_of_record
TN:
SF:/Users/alyssabutler/Documents/ab/website_EisbachRidersGatsby/src/components/Header.jsx
FN:13,(anonymous_0)
FN:71,Header
FN:76,(anonymous_2)
FN:98,(anonymous_3)
FNF:4
FNH:3
FNDA:1,(anonymous_0)
FNDA:1,Header
FNDA:0,(anonymous_2)
FNDA:2,(anonymous_3)
DA:13,1
DA:72,1
DA:73,1
DA:74,1
DA:76,1
DA:77,0
DA:78,0
DA:79,0
DA:82,1
DA:84,1
DA:86,1
DA:99,2
DA:117,1
LF:13
LH:10
BRDA:77,0,0,0
BRDA:77,0,1,0
BRDA:90,1,0,0
BRDA:90,1,1,1
BRDA:104,2,0,1
BRDA:104,2,1,0
BRF:6
BRH:2
end_of_record
TN:
SF:/Users/alyssabutler/Documents/ab/website_EisbachRidersGatsby/src/components/Hero.jsx
FN:9,(anonymous_0)
FN:89,Hero
FNF:2
FNH:2
FNDA:1,(anonymous_0)
FNDA:1,Hero
DA:9,1
DA:90,1
DA:91,1
DA:92,1
DA:123,1
LF:5
LH:5
BRF:0
BRH:0
end_of_record
TN:
SF:/Users/alyssabutler/Documents/ab/website_EisbachRidersGatsby/src/components/Legal.jsx
FN:6,(anonymous_0)
FN:43,Legal
FNF:2
FNH:2
FNDA:1,(anonymous_0)
FNDA:1,Legal
DA:6,1
DA:44,1
DA:45,1
DA:46,1
LF:4
LH:4
BRF:0
BRH:0
end_of_record
TN:
SF:/Users/alyssabutler/Documents/ab/website_EisbachRidersGatsby/src/components/MobileHeaderList.jsx
FN:12,(anonymous_0)
FN:41,MobileHeaderList
FN:56,(anonymous_2)
FNF:3
FNH:2
FNDA:1,(anonymous_0)
FNDA:1,MobileHeaderList
FNDA:0,(anonymous_2)
DA:12,2
DA:42,1
DA:43,1
DA:57,0
DA:116,2
LF:5
LH:4
BRF:0
BRH:0
end_of_record
TN:
SF:/Users/alyssabutler/Documents/ab/website_EisbachRidersGatsby/src/components/NewProduct.jsx
FN:12,(anonymous_0)
FN:70,NewProduct
FN:95,(anonymous_2)
FN:96,(anonymous_3)
FNF:4
FNH:2
FNDA:1,(anonymous_0)
FNDA:1,NewProduct
FNDA:0,(anonymous_2)
FNDA:0,(anonymous_3)
DA:12,1
DA:71,1
DA:72,1
DA:73,1
DA:75,1
DA:95,0
DA:96,0
DA:104,1
LF:8
LH:6
BRF:0
BRH:0
end_of_record
TN:
SF:/Users/alyssabutler/Documents/ab/website_EisbachRidersGatsby/src/components/Newsletter.jsx
FN:18,(anonymous_0)
FN:103,Newsletter
FN:116,(anonymous_2)
FN:147,(anonymous_3)
FN:154,(anonymous_4)
FN:154,(anonymous_5)
FN:218,(anonymous_6)
FN:222,(anonymous_7)
FN:229,(anonymous_8)
FN:244,(anonymous_9)
FN:257,(anonymous_10)
FN:271,(anonymous_11)
FN:287,(anonymous_12)
FN:294,(anonymous_13)
FNF:14
FNH:2
FNDA:1,(anonymous_0)
FNDA:1,Newsletter
FNDA:0,(anonymous_2)
FNDA:0,(anonymous_3)
FNDA:0,(anonymous_4)
FNDA:0,(anonymous_5)
FNDA:0,(anonymous_6)
FNDA:0,(anonymous_7)
FNDA:0,(anonymous_8)
FNDA:0,(anonymous_9)
FNDA:0,(anonymous_10)
FNDA:0,(anonymous_11)
FNDA:0,(anonymous_12)
FNDA:0,(anonymous_13)
DA:18,1
DA:104,1
DA:105,1
DA:106,1
DA:107,1
DA:108,1
DA:109,1
DA:110,1
DA:111,1
DA:112,1
DA:113,1
DA:114,1
DA:116,1
DA:117,0
DA:118,0
DA:122,0
DA:123,0
DA:124,0
DA:125,0
DA:129,0
DA:130,0
DA:131,0
DA:132,0
DA:133,0
DA:136,0
DA:137,0
DA:139,0
DA:140,0
DA:142,0
DA:143,0
DA:147,1
DA:148,0
DA:149,0
DA:151,0
DA:154,1
DA:155,0
DA:156,0
DA:157,0
DA:158,0
DA:160,0
DA:163,0
DA:164,0
DA:165,0
DA:167,0
DA:168,0
DA:173,1
DA:218,0
DA:222,0
DA:229,0
DA:244,0
DA:257,0
DA:271,0
DA:287,0
DA:294,0
LF:54
LH:16
BRDA:117,0,0,0
BRDA:117,0,1,0
BRDA:117,1,0,0
BRDA:117,1,1,0
BRDA:117,1,2,0
BRDA:123,2,0,0
BRDA:123,2,1,0
BRDA:126,3,0,0
BRDA:126,3,1,0
BRDA:136,4,0,0
BRDA:136,4,1,0
BRDA:139,5,0,0
BRDA:139,5,1,0
BRDA:142,6,0,0
BRDA:142,6,1,0
BRDA:148,7,0,0
BRDA:148,7,1,0
BRDA:155,8,0,0
BRDA:155,8,1,0
BRDA:157,9,0,0
BRDA:157,9,1,0
BRDA:163,10,0,0
BRDA:163,10,1,0
BRDA:164,11,0,0
BRDA:164,11,1,0
BRDA:186,12,0,0
BRDA:186,12,1,1
BRDA:191,13,0,0
BRDA:191,13,1,1
BRDA:241,14,0,1
BRDA:241,14,1,0
BRDA:254,15,0,1
BRDA:254,15,1,0
BRDA:266,16,0,0
BRDA:266,16,1,1
BRDA:266,17,0,1
BRDA:266,17,1,0
BRDA:272,18,0,0
BRDA:272,18,1,1
BRF:39
BRH:7
end_of_record
TN:
SF:/Users/alyssabutler/Documents/ab/website_EisbachRidersGatsby/src/components/Privacy.jsx
FN:9,(anonymous_0)
FN:53,Privacy
FN:171,(anonymous_2)
FNF:3
FNH:2
FNDA:1,(anonymous_0)
FNDA:1,Privacy
FNDA:0,(anonymous_2)
DA:9,1
DA:54,1
DA:55,1
DA:56,1
DA:171,0
LF:5
LH:4
BRF:0
BRH:0
end_of_record
TN:
SF:/Users/alyssabutler/Documents/ab/website_EisbachRidersGatsby/src/components/ProductDialog.jsx
FN:25,(anonymous_0)
FN:145,ProductDialog
FN:158,(anonymous_2)
FN:162,(anonymous_3)
FN:166,(anonymous_4)
FN:180,(anonymous_5)
FN:209,(anonymous_6)
FN:274,(anonymous_7)
FNF:8
FNH:4
FNDA:6,(anonymous_0)
FNDA:12,ProductDialog
FNDA:0,(anonymous_2)
FNDA:0,(anonymous_3)
FNDA:0,(anonymous_4)
FNDA:0,(anonymous_5)
FNDA:52,(anonymous_6)
FNDA:77,(anonymous_7)
DA:25,6
DA:154,12
DA:155,12
DA:156,12
DA:158,12
DA:159,0
DA:162,12
DA:163,0
DA:166,12
DA:167,0
DA:170,12
DA:172,12
DA:180,0
DA:210,52
DA:275,77
DA:297,6
LF:16
LH:12
BRDA:251,0,0,12
BRDA:251,0,1,4
BRDA:261,1,0,12
BRDA:261,1,1,10
BRF:4
BRH:4
end_of_record
TN:
SF:/Users/alyssabutler/Documents/ab/website_EisbachRidersGatsby/src/components/Products.jsx
FN:16,(anonymous_0)
FN:119,Products
FN:125,(anonymous_2)
FN:131,(anonymous_3)
FN:135,(anonymous_4)
FN:139,(anonymous_5)
FN:143,(anonymous_6)
FN:154,(anonymous_7)
FN:160,(anonymous_8)
FN:216,(anonymous_9)
FNF:10
FNH:4
FNDA:1,(anonymous_0)
FNDA:1,Products
FNDA:0,(anonymous_2)
FNDA:0,(anonymous_3)
FNDA:0,(anonymous_4)
FNDA:0,(anonymous_5)
FNDA:0,(anonymous_6)
FNDA:3,(anonymous_7)
FNDA:0,(anonymous_8)
FNDA:3,(anonymous_9)
DA:16,1
DA:120,1
DA:121,1
DA:122,1
DA:123,1
DA:125,1
DA:126,0
DA:127,0
DA:128,0
DA:131,1
DA:132,0
DA:135,1
DA:136,0
DA:139,1
DA:140,0
DA:143,1
DA:144,0
DA:147,1
DA:155,3
DA:160,0
DA:217,3
LF:21
LH:13
BRDA:170,0,0,3
BRDA:170,0,1,2
BRDA:181,1,0,3
BRDA:181,1,1,3
BRDA:231,2,0,3
BRDA:231,2,1,2
BRDA:242,3,0,3
BRDA:242,3,1,3
BRF:8
BRH:8
end_of_record
TN:
SF:/Users/alyssabutler/Documents/ab/website_EisbachRidersGatsby/src/components/Snackbar.jsx
FN:20,(anonymous_0)
FN:46,Notification
FNF:2
FNH:2
FNDA:1,(anonymous_0)
FNDA:1,Notification
DA:13,2
DA:20,2
DA:47,1
DA:48,1
DA:49,1
DA:75,2
LF:6
LH:6
BRF:0
BRH:0
end_of_record
TN:
SF:/Users/alyssabutler/Documents/ab/website_EisbachRidersGatsby/src/components/Tracking.jsx
FN:9,(anonymous_0)
FN:64,Tracking
FN:69,(anonymous_2)
FN:73,(anonymous_3)
FNF:4
FNH:2
FNDA:1,(anonymous_0)
FNDA:1,Tracking
FNDA:0,(anonymous_2)
FNDA:0,(anonymous_3)
DA:9,1
DA:65,1
DA:66,1
DA:67,1
DA:69,1
DA:70,0
DA:73,1
DA:74,0
DA:75,0
DA:78,1
LF:10
LH:7
BRF:0
BRH:0
end_of_record
TN:
SF:/Users/alyssabutler/Documents/ab/website_EisbachRidersGatsby/src/components/shop/Shop.jsx
FN:12,(anonymous_0)
FN:42,Shop
FN:51,(anonymous_2)
FN:59,(anonymous_3)
FN:67,(anonymous_4)
FNF:5
FNH:5
FNDA:1,(anonymous_0)
FNDA:1,Shop
FNDA:3,(anonymous_2)
FNDA:1,(anonymous_3)
FNDA:1,(anonymous_4)
DA:12,1
DA:43,1
DA:44,1
DA:45,1
DA:52,3
DA:60,1
DA:68,1
LF:7
LH:7
BRF:0
BRH:0
end_of_record
TN:
SF:/Users/alyssabutler/Documents/ab/website_EisbachRidersGatsby/src/components/shop/ShopItem.jsx
FN:11,(anonymous_0)
FN:59,ShopItem
FN:70,(anonymous_2)
FN:111,(anonymous_3)
FN:112,(anonymous_4)
FNF:5
FNH:2
FNDA:2,(anonymous_0)
FNDA:6,ShopItem
FNDA:0,(anonymous_2)
FNDA:0,(anonymous_3)
FNDA:0,(anonymous_4)
DA:11,2
DA:60,6
DA:61,6
DA:62,6
DA:64,6
DA:70,0
DA:111,0
DA:112,0
DA:120,2
LF:9
LH:6
BRDA:80,0,0,6
BRDA:80,0,1,2
BRDA:91,1,0,6
BRDA:91,1,1,5
BRF:4
BRH:4
end_of_record
TN:
SF:/Users/alyssabutler/Documents/ab/website_EisbachRidersGatsby/src/data/ProductData.js
FNF:0
FNH:0
DA:32,4
DA:135,4
DA:172,4
DA:208,4
DA:245,4
LF:5
LH:5
BRF:0
BRH:0
end_of_record
TN:
SF:/Users/alyssabutler/Documents/ab/website_EisbachRidersGatsby/src/i18n/i18n.js
FNF:0
FNH:0
DA:7,6
LF:1
LH:1
BRF:0
BRH:0
end_of_record
